mode: set
github.com/gordcurrie/pacioli/internal/broker/broker.go:63.22,65.2 1 0
github.com/gordcurrie/pacioli/internal/broker/broker.go:68.34,69.26 1 0
github.com/gordcurrie/pacioli/internal/broker/broker.go:69.26,70.23 1 0
github.com/gordcurrie/pacioli/internal/broker/broker.go:70.23,72.4 1 0
github.com/gordcurrie/pacioli/internal/broker/broker.go:74.2,74.12 1 0
github.com/gordcurrie/pacioli/internal/broker/broker.go:80.61,82.69 2 1
github.com/gordcurrie/pacioli/internal/broker/broker.go:82.69,84.3 1 1
github.com/gordcurrie/pacioli/internal/broker/broker.go:85.2,89.37 4 1
github.com/gordcurrie/pacioli/internal/broker/broker.go:89.37,91.3 1 0
github.com/gordcurrie/pacioli/internal/broker/broker.go:93.2,95.6 3 1
github.com/gordcurrie/pacioli/internal/broker/broker.go:95.6,97.29 2 1
github.com/gordcurrie/pacioli/internal/broker/broker.go:97.29,98.9 1 1
github.com/gordcurrie/pacioli/internal/broker/broker.go:100.3,100.17 1 1
github.com/gordcurrie/pacioli/internal/broker/broker.go:100.17,102.4 1 0
github.com/gordcurrie/pacioli/internal/broker/broker.go:103.3,104.17 2 1
github.com/gordcurrie/pacioli/internal/broker/broker.go:104.17,110.4 1 0
github.com/gordcurrie/pacioli/internal/broker/broker.go:110.9,113.4 2 1
github.com/gordcurrie/pacioli/internal/broker/broker.go:114.3,114.9 1 1
github.com/gordcurrie/pacioli/internal/broker/broker.go:116.2,116.18 1 1
github.com/gordcurrie/pacioli/internal/broker/canaccord.go:23.36,23.66 1 1
github.com/gordcurrie/pacioli/internal/broker/canaccord.go:25.48,25.78 1 0
github.com/gordcurrie/pacioli/internal/broker/canaccord.go:26.48,26.83 1 0
github.com/gordcurrie/pacioli/internal/broker/canaccord.go:28.66,29.16 1 1
github.com/gordcurrie/pacioli/internal/broker/canaccord.go:29.16,31.3 1 0
github.com/gordcurrie/pacioli/internal/broker/canaccord.go:33.2,34.16 2 1
github.com/gordcurrie/pacioli/internal/broker/canaccord.go:34.16,36.3 1 0
github.com/gordcurrie/pacioli/internal/broker/canaccord.go:37.2,38.16 2 1
github.com/gordcurrie/pacioli/internal/broker/canaccord.go:38.16,40.3 1 0
github.com/gordcurrie/pacioli/internal/broker/canaccord.go:42.2,46.25 4 1
github.com/gordcurrie/pacioli/internal/broker/canaccord.go:46.25,54.3 1 1
github.com/gordcurrie/pacioli/internal/broker/canaccord.go:56.2,57.43 2 1
github.com/gordcurrie/pacioli/internal/broker/canaccord.go:57.43,58.54 1 1
github.com/gordcurrie/pacioli/internal/broker/canaccord.go:58.54,60.4 1 0
github.com/gordcurrie/pacioli/internal/broker/canaccord.go:62.2,62.22 1 1
github.com/gordcurrie/pacioli/internal/broker/canaccord.go:62.22,64.3 1 1
github.com/gordcurrie/pacioli/internal/broker/canaccord.go:66.2,67.43 2 1
github.com/gordcurrie/pacioli/internal/broker/canaccord.go:67.43,68.56 1 1
github.com/gordcurrie/pacioli/internal/broker/canaccord.go:68.56,70.4 1 0
github.com/gordcurrie/pacioli/internal/broker/canaccord.go:73.2,74.43 2 1
github.com/gordcurrie/pacioli/internal/broker/canaccord.go:74.43,75.57 1 1
github.com/gordcurrie/pacioli/internal/broker/canaccord.go:75.57,77.4 1 0
github.com/gordcurrie/pacioli/internal/broker/canaccord.go:84.2,85.44 2 1
github.com/gordcurrie/pacioli/internal/broker/canaccord.go:85.44,88.36 3 1
github.com/gordcurrie/pacioli/internal/broker/canaccord.go:88.36,90.4 1 1
github.com/gordcurrie/pacioli/internal/broker/canaccord.go:90.9,92.4 1 1
github.com/gordcurrie/pacioli/internal/broker/canaccord.go:93.3,93.24 1 1
github.com/gordcurrie/pacioli/internal/broker/canaccord.go:93.24,95.4 1 1
github.com/gordcurrie/pacioli/internal/broker/canaccord.go:99.2,99.78 1 1
github.com/gordcurrie/pacioli/internal/broker/canaccord.go:99.78,101.3 1 0
github.com/gordcurrie/pacioli/internal/broker/canaccord.go:103.2,113.8 1 1
github.com/gordcurrie/pacioli/internal/broker/canaccord.go:116.97,117.11 1 1
github.com/gordcurrie/pacioli/internal/broker/canaccord.go:118.40,119.44 1 1
github.com/gordcurrie/pacioli/internal/broker/canaccord.go:120.14,121.45 1 1
github.com/gordcurrie/pacioli/internal/broker/canaccord.go:122.97,123.49 1 1
github.com/gordcurrie/pacioli/internal/broker/canaccord.go:125.78,127.25 1 1
github.com/gordcurrie/pacioli/internal/broker/canaccord.go:128.18,129.58 1 1
github.com/gordcurrie/pacioli/internal/broker/canaccord.go:130.72,131.72 1 1
github.com/gordcurrie/pacioli/internal/broker/canaccord.go:132.10,133.61 1 1
github.com/gordcurrie/pacioli/internal/broker/canaccord.go:137.46,140.62 3 1
github.com/gordcurrie/pacioli/internal/broker/canaccord.go:140.62,141.47 1 1
github.com/gordcurrie/pacioli/internal/broker/canaccord.go:141.47,143.4 1 1
github.com/gordcurrie/pacioli/internal/broker/canaccord.go:145.2,145.32 1 1
github.com/gordcurrie/pacioli/internal/questrade/questrade.go:24.49,24.72 1 0
github.com/gordcurrie/pacioli/internal/questrade/questrade.go:25.49,25.72 1 0
github.com/gordcurrie/pacioli/internal/questrade/questrade.go:26.49,26.87 1 0
github.com/gordcurrie/pacioli/internal/questrade/questrade.go:27.49,27.85 1 0
github.com/gordcurrie/pacioli/internal/questrade/questrade.go:28.49,28.90 1 0
github.com/gordcurrie/pacioli/internal/questrade/questrade.go:29.49,29.69 1 0
github.com/gordcurrie/pacioli/internal/questrade/questrade.go:40.33,42.2 1 1
github.com/gordcurrie/pacioli/internal/questrade/questrade.go:53.72,60.16 3 0
github.com/gordcurrie/pacioli/internal/questrade/questrade.go:60.16,62.3 1 0
github.com/gordcurrie/pacioli/internal/questrade/questrade.go:63.2,67.16 4 0
github.com/gordcurrie/pacioli/internal/questrade/questrade.go:67.16,69.3 1 0
github.com/gordcurrie/pacioli/internal/questrade/questrade.go:70.2,70.15 1 0
github.com/gordcurrie/pacioli/internal/questrade/questrade.go:70.15,70.40 1 0
github.com/gordcurrie/pacioli/internal/questrade/questrade.go:72.2,72.38 1 0
github.com/gordcurrie/pacioli/internal/questrade/questrade.go:72.38,75.3 2 0
github.com/gordcurrie/pacioli/internal/questrade/questrade.go:77.2,83.63 2 0
github.com/gordcurrie/pacioli/internal/questrade/questrade.go:83.63,85.3 1 0
github.com/gordcurrie/pacioli/internal/questrade/questrade.go:86.2,91.8 1 0
github.com/gordcurrie/pacioli/internal/questrade/questrade.go:101.31,106.2 1 0
github.com/gordcurrie/pacioli/internal/questrade/questrade.go:124.67,126.57 2 0
github.com/gordcurrie/pacioli/internal/questrade/questrade.go:126.57,128.3 1 0
github.com/gordcurrie/pacioli/internal/questrade/questrade.go:129.2,130.34 2 0
github.com/gordcurrie/pacioli/internal/questrade/questrade.go:130.34,132.3 1 0
github.com/gordcurrie/pacioli/internal/questrade/questrade.go:133.2,133.17 1 0
github.com/gordcurrie/pacioli/internal/questrade/questrade.go:152.91,154.101 2 0
github.com/gordcurrie/pacioli/internal/questrade/questrade.go:154.101,156.3 1 0
github.com/gordcurrie/pacioli/internal/questrade/questrade.go:157.2,158.35 2 0
github.com/gordcurrie/pacioli/internal/questrade/questrade.go:158.35,160.17 2 0
github.com/gordcurrie/pacioli/internal/questrade/questrade.go:160.17,162.4 1 0
github.com/gordcurrie/pacioli/internal/questrade/questrade.go:163.3,163.24 1 0
github.com/gordcurrie/pacioli/internal/questrade/questrade.go:163.24,164.12 1 0
github.com/gordcurrie/pacioli/internal/questrade/questrade.go:166.3,166.89 1 0
github.com/gordcurrie/pacioli/internal/questrade/questrade.go:168.2,168.17 1 0
github.com/gordcurrie/pacioli/internal/questrade/questrade.go:191.89,194.80 3 0
github.com/gordcurrie/pacioli/internal/questrade/questrade.go:194.80,196.3 1 0
github.com/gordcurrie/pacioli/internal/questrade/questrade.go:197.2,198.33 2 0
github.com/gordcurrie/pacioli/internal/questrade/questrade.go:198.33,206.3 1 0
github.com/gordcurrie/pacioli/internal/questrade/questrade.go:207.2,207.17 1 0
github.com/gordcurrie/pacioli/internal/questrade/questrade.go:245.114,248.22 3 0
github.com/gordcurrie/pacioli/internal/questrade/questrade.go:248.22,250.22 2 0
github.com/gordcurrie/pacioli/internal/questrade/questrade.go:250.22,252.4 1 0
github.com/gordcurrie/pacioli/internal/questrade/questrade.go:253.3,254.17 2 0
github.com/gordcurrie/pacioli/internal/questrade/questrade.go:254.17,256.4 1 0
github.com/gordcurrie/pacioli/internal/questrade/questrade.go:257.3,258.13 2 0
github.com/gordcurrie/pacioli/internal/questrade/questrade.go:260.2,260.17 1 0
github.com/gordcurrie/pacioli/internal/questrade/questrade.go:263.119,270.48 4 0
github.com/gordcurrie/pacioli/internal/questrade/questrade.go:270.48,272.3 1 0
github.com/gordcurrie/pacioli/internal/questrade/questrade.go:273.2,274.33 2 0
github.com/gordcurrie/pacioli/internal/questrade/questrade.go:274.33,276.17 2 0
github.com/gordcurrie/pacioli/internal/questrade/questrade.go:276.17,278.4 1 0
github.com/gordcurrie/pacioli/internal/questrade/questrade.go:279.3,279.27 1 0
github.com/gordcurrie/pacioli/internal/questrade/questrade.go:281.2,281.18 1 0
github.com/gordcurrie/pacioli/internal/questrade/questrade.go:284.55,286.16 2 0
github.com/gordcurrie/pacioli/internal/questrade/questrade.go:286.16,288.3 1 0
github.com/gordcurrie/pacioli/internal/questrade/questrade.go:289.2,290.16 2 0
github.com/gordcurrie/pacioli/internal/questrade/questrade.go:290.16,292.3 1 0
github.com/gordcurrie/pacioli/internal/questrade/questrade.go:294.2,295.16 2 0
github.com/gordcurrie/pacioli/internal/questrade/questrade.go:295.16,297.3 1 0
github.com/gordcurrie/pacioli/internal/questrade/questrade.go:298.2,299.16 2 0
github.com/gordcurrie/pacioli/internal/questrade/questrade.go:299.16,301.3 1 0
github.com/gordcurrie/pacioli/internal/questrade/questrade.go:302.2,303.16 2 0
github.com/gordcurrie/pacioli/internal/questrade/questrade.go:303.16,305.3 1 0
github.com/gordcurrie/pacioli/internal/questrade/questrade.go:306.2,307.16 2 0
github.com/gordcurrie/pacioli/internal/questrade/questrade.go:307.16,309.3 1 0
github.com/gordcurrie/pacioli/internal/questrade/questrade.go:310.2,311.16 2 0
github.com/gordcurrie/pacioli/internal/questrade/questrade.go:311.16,313.3 1 0
github.com/gordcurrie/pacioli/internal/questrade/questrade.go:315.2,327.8 1 0
github.com/gordcurrie/pacioli/internal/questrade/questrade.go:330.59,332.13 2 1
github.com/gordcurrie/pacioli/internal/questrade/questrade.go:332.13,334.3 1 1
github.com/gordcurrie/pacioli/internal/questrade/questrade.go:335.2,335.33 1 1
github.com/gordcurrie/pacioli/internal/questrade/questrade.go:338.72,342.16 4 0
github.com/gordcurrie/pacioli/internal/questrade/questrade.go:342.16,344.3 1 0
github.com/gordcurrie/pacioli/internal/questrade/questrade.go:345.2,348.16 3 0
github.com/gordcurrie/pacioli/internal/questrade/questrade.go:348.16,350.3 1 0
github.com/gordcurrie/pacioli/internal/questrade/questrade.go:351.2,351.15 1 0
github.com/gordcurrie/pacioli/internal/questrade/questrade.go:351.15,351.40 1 0
github.com/gordcurrie/pacioli/internal/questrade/questrade.go:353.2,353.38 1 0
github.com/gordcurrie/pacioli/internal/questrade/questrade.go:353.38,356.3 2 0
github.com/gordcurrie/pacioli/internal/questrade/questrade.go:357.2,357.48 1 0
github.com/gordcurrie/pacioli/internal/account/account.go:20.35,21.11 1 1
github.com/gordcurrie/pacioli/internal/account/account.go:22.56,23.14 1 1
github.com/gordcurrie/pacioli/internal/account/account.go:24.28,25.15 1 1
github.com/gordcurrie/pacioli/internal/account/account.go:27.2,27.14 1 0
github.com/gordcurrie/pacioli/internal/service/acb.go:31.59,33.2 1 0
github.com/gordcurrie/pacioli/internal/service/acb.go:35.99,37.16 2 0
github.com/gordcurrie/pacioli/internal/service/acb.go:37.16,39.3 1 0
github.com/gordcurrie/pacioli/internal/service/acb.go:40.2,40.43 1 0
github.com/gordcurrie/pacioli/internal/service/acb.go:45.107,48.25 3 1
github.com/gordcurrie/pacioli/internal/service/acb.go:48.25,51.28 3 1
github.com/gordcurrie/pacioli/internal/service/acb.go:51.28,53.4 1 1
github.com/gordcurrie/pacioli/internal/service/acb.go:54.3,54.18 1 1
github.com/gordcurrie/pacioli/internal/service/acb.go:55.81,58.40 3 1
github.com/gordcurrie/pacioli/internal/service/acb.go:59.58,60.29 1 1
github.com/gordcurrie/pacioli/internal/service/acb.go:60.29,63.5 2 1
github.com/gordcurrie/pacioli/internal/service/acb.go:64.4,65.30 2 1
github.com/gordcurrie/pacioli/internal/service/acb.go:65.30,68.5 2 1
github.com/gordcurrie/pacioli/internal/service/acb.go:69.38,71.31 2 1
github.com/gordcurrie/pacioli/internal/service/acb.go:71.31,73.5 1 1
github.com/gordcurrie/pacioli/internal/service/acb.go:74.63,74.63 0 1
github.com/gordcurrie/pacioli/internal/service/acb.go:78.3,79.28 2 1
github.com/gordcurrie/pacioli/internal/service/acb.go:79.28,81.4 1 1
github.com/gordcurrie/pacioli/internal/service/acb.go:82.3,89.5 1 1
github.com/gordcurrie/pacioli/internal/service/acb.go:91.2,91.27 1 1
github.com/gordcurrie/pacioli/internal/service/acb.go:91.27,93.3 1 1
github.com/gordcurrie/pacioli/internal/service/acb.go:94.2,94.16 1 1
github.com/gordcurrie/pacioli/internal/service/acb.go:99.80,102.2 2 1
github.com/gordcurrie/pacioli/internal/service/boc.go:26.48,32.2 1 1
github.com/gordcurrie/pacioli/internal/service/boc.go:36.95,41.26 2 1
github.com/gordcurrie/pacioli/internal/service/boc.go:41.26,44.17 3 1
github.com/gordcurrie/pacioli/internal/service/boc.go:44.17,46.4 1 1
github.com/gordcurrie/pacioli/internal/service/boc.go:47.3,47.40 1 1
github.com/gordcurrie/pacioli/internal/service/boc.go:47.40,49.4 1 0
github.com/gordcurrie/pacioli/internal/service/boc.go:53.2,56.16 4 1
github.com/gordcurrie/pacioli/internal/service/boc.go:56.16,58.3 1 1
github.com/gordcurrie/pacioli/internal/service/boc.go:59.2,59.28 1 1
github.com/gordcurrie/pacioli/internal/service/boc.go:59.28,60.75 1 1
github.com/gordcurrie/pacioli/internal/service/boc.go:60.75,62.4 1 0
github.com/gordcurrie/pacioli/internal/service/boc.go:66.2,66.26 1 1
github.com/gordcurrie/pacioli/internal/service/boc.go:66.26,68.30 2 1
github.com/gordcurrie/pacioli/internal/service/boc.go:68.30,70.4 1 1
github.com/gordcurrie/pacioli/internal/service/boc.go:72.2,72.115 1 1
github.com/gordcurrie/pacioli/internal/service/boc.go:86.113,91.16 3 1
github.com/gordcurrie/pacioli/internal/service/boc.go:91.16,93.3 1 0
github.com/gordcurrie/pacioli/internal/service/boc.go:94.2,95.16 2 1
github.com/gordcurrie/pacioli/internal/service/boc.go:95.16,97.3 1 0
github.com/gordcurrie/pacioli/internal/service/boc.go:98.2,98.15 1 1
github.com/gordcurrie/pacioli/internal/service/boc.go:98.15,98.40 1 1
github.com/gordcurrie/pacioli/internal/service/boc.go:100.2,100.38 1 1
github.com/gordcurrie/pacioli/internal/service/boc.go:100.38,102.3 1 1
github.com/gordcurrie/pacioli/internal/service/boc.go:104.2,105.65 2 1
github.com/gordcurrie/pacioli/internal/service/boc.go:105.65,107.3 1 0
github.com/gordcurrie/pacioli/internal/service/boc.go:109.2,110.40 2 1
github.com/gordcurrie/pacioli/internal/service/boc.go:110.40,112.41 2 1
github.com/gordcurrie/pacioli/internal/service/boc.go:112.41,113.12 1 0
github.com/gordcurrie/pacioli/internal/service/boc.go:115.3,116.17 2 1
github.com/gordcurrie/pacioli/internal/service/boc.go:116.17,117.12 1 0
github.com/gordcurrie/pacioli/internal/service/boc.go:119.3,119.18 1 1
github.com/gordcurrie/pacioli/internal/service/boc.go:121.2,121.19 1 1
github.com/gordcurrie/pacioli/internal/service/gains.go:43.88,45.2 1 1
github.com/gordcurrie/pacioli/internal/service/gains.go:47.46,49.2 1 1
github.com/gordcurrie/pacioli/internal/service/gains.go:53.63,55.2 1 1
github.com/gordcurrie/pacioli/internal/service/gains.go:57.101,62.16 4 1
github.com/gordcurrie/pacioli/internal/service/gains.go:62.16,64.3 1 0
github.com/gordcurrie/pacioli/internal/service/gains.go:67.2,69.27 3 1
github.com/gordcurrie/pacioli/internal/service/gains.go:69.27,70.40 1 1
github.com/gordcurrie/pacioli/internal/service/gains.go:70.40,73.4 2 1
github.com/gordcurrie/pacioli/internal/service/gains.go:76.2,78.31 2 1
github.com/gordcurrie/pacioli/internal/service/gains.go:78.31,80.17 2 1
github.com/gordcurrie/pacioli/internal/service/gains.go:80.17,82.4 1 0
github.com/gordcurrie/pacioli/internal/service/gains.go:84.3,85.17 2 1
github.com/gordcurrie/pacioli/internal/service/gains.go:85.17,87.4 1 0
github.com/gordcurrie/pacioli/internal/service/gains.go:89.3,91.31 2 1
github.com/gordcurrie/pacioli/internal/service/gains.go:91.31,92.71 1 1
github.com/gordcurrie/pacioli/internal/service/gains.go:92.71,93.13 1 1
github.com/gordcurrie/pacioli/internal/service/gains.go:96.4,110.24 5 1
github.com/gordcurrie/pacioli/internal/service/gains.go:110.24,112.13 2 1
github.com/gordcurrie/pacioli/internal/service/gains.go:115.4,115.29 1 1
github.com/gordcurrie/pacioli/internal/service/gains.go:115.29,117.19 2 1
github.com/gordcurrie/pacioli/internal/service/gains.go:117.19,119.6 1 0
github.com/gordcurrie/pacioli/internal/service/gains.go:120.5,120.41 1 1
github.com/gordcurrie/pacioli/internal/service/gains.go:123.4,123.29 1 1
github.com/gordcurrie/pacioli/internal/service/gains.go:123.29,125.5 1 1
github.com/gordcurrie/pacioli/internal/service/gains.go:125.10,125.36 1 1
github.com/gordcurrie/pacioli/internal/service/gains.go:125.36,127.5 1 1
github.com/gordcurrie/pacioli/internal/service/gains.go:128.4,128.30 1 1
github.com/gordcurrie/pacioli/internal/service/gains.go:128.30,130.5 1 1
github.com/gordcurrie/pacioli/internal/service/gains.go:132.4,132.45 1 1
github.com/gordcurrie/pacioli/internal/service/gains.go:136.2,137.20 2 1
github.com/gordcurrie/pacioli/internal/service/gains.go:152.146,154.16 2 1
github.com/gordcurrie/pacioli/internal/service/gains.go:154.16,156.3 1 0
github.com/gordcurrie/pacioli/internal/service/gains.go:158.2,159.16 2 1
github.com/gordcurrie/pacioli/internal/service/gains.go:159.16,161.3 1 0
github.com/gordcurrie/pacioli/internal/service/gains.go:164.2,165.25 2 1
github.com/gordcurrie/pacioli/internal/service/gains.go:165.25,166.61 1 1
github.com/gordcurrie/pacioli/internal/service/gains.go:166.61,168.9 2 1
github.com/gordcurrie/pacioli/internal/service/gains.go:171.2,171.18 1 1
github.com/gordcurrie/pacioli/internal/service/gains.go:171.18,173.3 1 1
github.com/gordcurrie/pacioli/internal/service/gains.go:175.2,178.30 3 1
github.com/gordcurrie/pacioli/internal/service/gains.go:178.30,179.69 1 1
github.com/gordcurrie/pacioli/internal/service/gains.go:179.69,181.4 1 1
github.com/gordcurrie/pacioli/internal/service/gains.go:183.2,183.19 1 1
github.com/gordcurrie/pacioli/internal/service/gains.go:183.19,185.3 1 0
github.com/gordcurrie/pacioli/internal/service/gains.go:187.2,189.30 3 1
github.com/gordcurrie/pacioli/internal/service/gains.go:189.30,193.33 4 1
github.com/gordcurrie/pacioli/internal/service/gains.go:193.33,195.4 1 1
github.com/gordcurrie/pacioli/internal/service/gains.go:196.3,196.113 1 1
github.com/gordcurrie/pacioli/internal/service/gains.go:198.2,198.22 1 1
github.com/gordcurrie/pacioli/internal/service/gains.go:201.123,203.16 2 1
github.com/gordcurrie/pacioli/internal/service/gains.go:203.16,205.3 1 0
github.com/gordcurrie/pacioli/internal/service/gains.go:206.2,212.28 4 1
github.com/gordcurrie/pacioli/internal/service/gains.go:212.28,213.116 1 1
github.com/gordcurrie/pacioli/internal/service/gains.go:213.116,214.12 1 1
github.com/gordcurrie/pacioli/internal/service/gains.go:216.3,216.74 1 1
github.com/gordcurrie/pacioli/internal/service/gains.go:216.74,218.9 2 1
github.com/gordcurrie/pacioli/internal/service/gains.go:221.2,221.19 1 1
github.com/gordcurrie/pacioli/internal/service/gains.go:221.19,223.3 1 1
github.com/gordcurrie/pacioli/internal/service/gains.go:226.2,227.28 2 1
github.com/gordcurrie/pacioli/internal/service/gains.go:227.28,228.36 1 1
github.com/gordcurrie/pacioli/internal/service/gains.go:228.36,229.9 1 0
github.com/gordcurrie/pacioli/internal/service/gains.go:231.3,231.18 1 1
github.com/gordcurrie/pacioli/internal/service/gains.go:232.81,233.36 1 1
github.com/gordcurrie/pacioli/internal/service/gains.go:234.58,235.36 1 1
github.com/gordcurrie/pacioli/internal/service/gains.go:236.94,236.94 0 0
github.com/gordcurrie/pacioli/internal/service/gains.go:240.2,240.33 1 1
github.com/gordcurrie/pacioli/internal/service/roc.go:32.114,34.2 1 1
github.com/gordcurrie/pacioli/internal/service/roc.go:36.106,40.16 3 1
github.com/gordcurrie/pacioli/internal/service/roc.go:40.16,42.3 1 0
github.com/gordcurrie/pacioli/internal/service/roc.go:44.2,45.26 2 1
github.com/gordcurrie/pacioli/internal/service/roc.go:45.26,46.33 1 1
github.com/gordcurrie/pacioli/internal/service/roc.go:46.33,47.12 1 1
github.com/gordcurrie/pacioli/internal/service/roc.go:50.3,51.17 2 1
github.com/gordcurrie/pacioli/internal/service/roc.go:51.17,53.4 1 0
github.com/gordcurrie/pacioli/internal/service/roc.go:54.3,54.20 1 1
github.com/gordcurrie/pacioli/internal/service/roc.go:54.20,55.12 1 0
github.com/gordcurrie/pacioli/internal/service/roc.go:58.3,59.17 2 1
github.com/gordcurrie/pacioli/internal/service/roc.go:59.17,61.4 1 0
github.com/gordcurrie/pacioli/internal/service/roc.go:63.3,66.26 4 1
github.com/gordcurrie/pacioli/internal/service/roc.go:66.26,67.36 1 1
github.com/gordcurrie/pacioli/internal/service/roc.go:67.36,69.49 2 1
github.com/gordcurrie/pacioli/internal/service/roc.go:69.49,71.6 1 1
github.com/gordcurrie/pacioli/internal/service/roc.go:76.3,76.78 1 1
github.com/gordcurrie/pacioli/internal/service/roc.go:76.78,78.5 1 1
github.com/gordcurrie/pacioli/internal/service/roc.go:81.3,83.23 3 1
github.com/gordcurrie/pacioli/internal/service/roc.go:83.23,85.4 1 1
github.com/gordcurrie/pacioli/internal/service/roc.go:87.3,95.5 1 1
github.com/gordcurrie/pacioli/internal/service/roc.go:97.2,97.18 1 1
github.com/gordcurrie/pacioli/internal/service/roc.go:100.85,105.16 4 1
github.com/gordcurrie/pacioli/internal/service/roc.go:105.16,107.3 1 0
github.com/gordcurrie/pacioli/internal/service/roc.go:108.2,109.27 2 1
github.com/gordcurrie/pacioli/internal/service/roc.go:109.27,110.78 1 1
github.com/gordcurrie/pacioli/internal/service/roc.go:110.78,111.12 1 0
github.com/gordcurrie/pacioli/internal/service/roc.go:116.3,116.37 1 1
github.com/gordcurrie/pacioli/internal/service/roc.go:116.37,117.12 1 0
github.com/gordcurrie/pacioli/internal/service/roc.go:119.3,131.51 2 1
github.com/gordcurrie/pacioli/internal/service/roc.go:131.51,133.4 1 0
github.com/gordcurrie/pacioli/internal/service/roc.go:135.2,135.12 1 1
github.com/gordcurrie/pacioli/cmd/server/main.go:23.13,24.30 1 0
github.com/gordcurrie/pacioli/cmd/server/main.go:24.30,27.3 2 0
github.com/gordcurrie/pacioli/cmd/server/main.go:30.18,36.16 5 0
github.com/gordcurrie/pacioli/cmd/server/main.go:36.16,38.3 1 0
github.com/gordcurrie/pacioli/cmd/server/main.go:39.2,39.15 1 0
github.com/gordcurrie/pacioli/cmd/server/main.go:39.15,39.33 1 0
github.com/gordcurrie/pacioli/cmd/server/main.go:41.2,42.92 2 0
github.com/gordcurrie/pacioli/cmd/server/main.go:42.92,44.17 2 0
github.com/gordcurrie/pacioli/cmd/server/main.go:44.17,46.4 1 0
github.com/gordcurrie/pacioli/cmd/server/main.go:47.3,47.21 1 0
github.com/gordcurrie/pacioli/cmd/server/main.go:47.21,49.4 1 0
github.com/gordcurrie/pacioli/cmd/server/main.go:50.3,50.17 1 0
github.com/gordcurrie/pacioli/cmd/server/main.go:51.8,53.3 1 0
github.com/gordcurrie/pacioli/cmd/server/main.go:55.2,64.21 9 0
github.com/gordcurrie/pacioli/cmd/server/main.go:64.21,66.3 1 0
github.com/gordcurrie/pacioli/cmd/server/main.go:68.2,93.16 8 0
github.com/gordcurrie/pacioli/cmd/server/main.go:93.16,95.3 1 0
github.com/gordcurrie/pacioli/cmd/server/main.go:97.2,98.77 2 0
github.com/gordcurrie/pacioli/cmd/server/main.go:98.77,100.3 1 0
github.com/gordcurrie/pacioli/cmd/server/main.go:101.2,113.12 5 0
github.com/gordcurrie/pacioli/cmd/server/main.go:113.12,115.87 2 0
github.com/gordcurrie/pacioli/cmd/server/main.go:115.87,117.4 1 0
github.com/gordcurrie/pacioli/cmd/server/main.go:120.2,123.9 3 0
github.com/gordcurrie/pacioli/cmd/server/main.go:124.23,125.39 1 0
github.com/gordcurrie/pacioli/cmd/server/main.go:126.14,126.14 0 0
github.com/gordcurrie/pacioli/cmd/server/main.go:129.2,131.42 3 0
github.com/gordcurrie/pacioli/cmd/server/main.go:131.42,133.3 1 0
github.com/gordcurrie/pacioli/cmd/server/main.go:134.2,135.12 2 0
github.com/gordcurrie/pacioli/cmd/server/main.go:138.43,139.34 1 0
github.com/gordcurrie/pacioli/cmd/server/main.go:139.34,141.3 1 0
github.com/gordcurrie/pacioli/cmd/server/main.go:142.2,142.12 1 0
github.com/gordcurrie/pacioli/internal/sqlite/account.go:16.48,18.2 1 1
github.com/gordcurrie/pacioli/internal/sqlite/account.go:20.78,22.20 2 1
github.com/gordcurrie/pacioli/internal/sqlite/account.go:22.20,24.3 1 1
github.com/gordcurrie/pacioli/internal/sqlite/account.go:25.2,30.16 2 1
github.com/gordcurrie/pacioli/internal/sqlite/account.go:30.16,32.3 1 0
github.com/gordcurrie/pacioli/internal/sqlite/account.go:33.2,34.16 2 1
github.com/gordcurrie/pacioli/internal/sqlite/account.go:34.16,36.3 1 0
github.com/gordcurrie/pacioli/internal/sqlite/account.go:37.2,38.12 2 1
github.com/gordcurrie/pacioli/internal/sqlite/account.go:41.89,46.2 2 1
github.com/gordcurrie/pacioli/internal/sqlite/account.go:48.98,52.16 2 1
github.com/gordcurrie/pacioli/internal/sqlite/account.go:52.16,54.3 1 0
github.com/gordcurrie/pacioli/internal/sqlite/account.go:55.2,55.15 1 1
github.com/gordcurrie/pacioli/internal/sqlite/account.go:55.15,55.35 1 1
github.com/gordcurrie/pacioli/internal/sqlite/account.go:57.2,58.18 2 1
github.com/gordcurrie/pacioli/internal/sqlite/account.go:58.18,60.17 2 1
github.com/gordcurrie/pacioli/internal/sqlite/account.go:60.17,62.4 1 0
github.com/gordcurrie/pacioli/internal/sqlite/account.go:63.3,63.33 1 1
github.com/gordcurrie/pacioli/internal/sqlite/account.go:65.2,65.29 1 1
github.com/gordcurrie/pacioli/internal/sqlite/account.go:68.78,76.2 3 0
github.com/gordcurrie/pacioli/internal/sqlite/account.go:78.68,81.2 2 1
github.com/gordcurrie/pacioli/internal/sqlite/account.go:87.62,97.16 6 1
github.com/gordcurrie/pacioli/internal/sqlite/account.go:97.16,99.3 1 1
github.com/gordcurrie/pacioli/internal/sqlite/account.go:100.2,103.16 4 1
github.com/gordcurrie/pacioli/internal/sqlite/account.go:106.28,107.7 1 1
github.com/gordcurrie/pacioli/internal/sqlite/account.go:107.7,109.3 1 1
github.com/gordcurrie/pacioli/internal/sqlite/account.go:110.2,110.10 1 1
github.com/gordcurrie/pacioli/internal/sqlite/audit.go:15.44,17.2 1 1
github.com/gordcurrie/pacioli/internal/sqlite/audit.go:19.69,21.22 2 1
github.com/gordcurrie/pacioli/internal/sqlite/audit.go:21.22,23.3 1 1
github.com/gordcurrie/pacioli/internal/sqlite/audit.go:24.2,24.22 1 1
github.com/gordcurrie/pacioli/internal/sqlite/audit.go:24.22,26.3 1 0
github.com/gordcurrie/pacioli/internal/sqlite/audit.go:27.2,33.16 2 1
github.com/gordcurrie/pacioli/internal/sqlite/audit.go:33.16,35.3 1 0
github.com/gordcurrie/pacioli/internal/sqlite/audit.go:36.2,36.12 1 1
github.com/gordcurrie/pacioli/internal/sqlite/crypto.go:13.60,14.20 1 1
github.com/gordcurrie/pacioli/internal/sqlite/crypto.go:14.20,16.3 1 0
github.com/gordcurrie/pacioli/internal/sqlite/crypto.go:17.2,18.16 2 1
github.com/gordcurrie/pacioli/internal/sqlite/crypto.go:18.16,20.3 1 0
github.com/gordcurrie/pacioli/internal/sqlite/crypto.go:21.2,22.16 2 1
github.com/gordcurrie/pacioli/internal/sqlite/crypto.go:22.16,24.3 1 0
github.com/gordcurrie/pacioli/internal/sqlite/crypto.go:25.2,26.59 2 1
github.com/gordcurrie/pacioli/internal/sqlite/crypto.go:26.59,28.3 1 0
github.com/gordcurrie/pacioli/internal/sqlite/crypto.go:29.2,30.55 2 1
github.com/gordcurrie/pacioli/internal/sqlite/crypto.go:34.58,35.20 1 1
github.com/gordcurrie/pacioli/internal/sqlite/crypto.go:35.20,37.3 1 0
github.com/gordcurrie/pacioli/internal/sqlite/crypto.go:38.2,39.16 2 1
github.com/gordcurrie/pacioli/internal/sqlite/crypto.go:39.16,41.3 1 0
github.com/gordcurrie/pacioli/internal/sqlite/crypto.go:42.2,43.16 2 1
github.com/gordcurrie/pacioli/internal/sqlite/crypto.go:43.16,45.3 1 0
github.com/gordcurrie/pacioli/internal/sqlite/crypto.go:46.2,47.16 2 1
github.com/gordcurrie/pacioli/internal/sqlite/crypto.go:47.16,49.3 1 0
github.com/gordcurrie/pacioli/internal/sqlite/crypto.go:50.2,50.33 1 1
github.com/gordcurrie/pacioli/internal/sqlite/crypto.go:50.33,52.3 1 0
github.com/gordcurrie/pacioli/internal/sqlite/crypto.go:53.2,55.16 3 1
github.com/gordcurrie/pacioli/internal/sqlite/crypto.go:55.16,57.3 1 0
github.com/gordcurrie/pacioli/internal/sqlite/crypto.go:58.2,58.27 1 1
github.com/gordcurrie/pacioli/internal/sqlite/db.go:20.40,22.16 2 1
github.com/gordcurrie/pacioli/internal/sqlite/db.go:22.16,24.3 1 0
github.com/gordcurrie/pacioli/internal/sqlite/db.go:26.2,28.94 2 1
github.com/gordcurrie/pacioli/internal/sqlite/db.go:28.94,31.3 2 0
github.com/gordcurrie/pacioli/internal/sqlite/db.go:32.2,32.93 1 1
github.com/gordcurrie/pacioli/internal/sqlite/db.go:32.93,35.3 2 0
github.com/gordcurrie/pacioli/internal/sqlite/db.go:37.2,37.42 1 1
github.com/gordcurrie/pacioli/internal/sqlite/db.go:37.42,40.3 2 0
github.com/gordcurrie/pacioli/internal/sqlite/db.go:42.2,42.16 1 1
github.com/gordcurrie/pacioli/internal/sqlite/db.go:45.38,47.16 2 1
github.com/gordcurrie/pacioli/internal/sqlite/db.go:47.16,49.3 1 0
github.com/gordcurrie/pacioli/internal/sqlite/db.go:51.2,52.16 2 1
github.com/gordcurrie/pacioli/internal/sqlite/db.go:52.16,54.3 1 0
github.com/gordcurrie/pacioli/internal/sqlite/db.go:56.2,57.16 2 1
github.com/gordcurrie/pacioli/internal/sqlite/db.go:57.16,59.3 1 0
github.com/gordcurrie/pacioli/internal/sqlite/db.go:61.2,61.71 1 1
github.com/gordcurrie/pacioli/internal/sqlite/db.go:61.71,63.3 1 0
github.com/gordcurrie/pacioli/internal/sqlite/db.go:65.2,65.12 1 1
github.com/gordcurrie/pacioli/internal/sqlite/distribution.go:16.58,18.2 1 1
github.com/gordcurrie/pacioli/internal/sqlite/distribution.go:20.93,34.2 2 1
github.com/gordcurrie/pacioli/internal/sqlite/distribution.go:36.135,42.2 2 1
github.com/gordcurrie/pacioli/internal/sqlite/distribution.go:44.121,49.16 2 1
github.com/gordcurrie/pacioli/internal/sqlite/distribution.go:49.16,51.3 1 0
github.com/gordcurrie/pacioli/internal/sqlite/distribution.go:52.2,52.15 1 1
github.com/gordcurrie/pacioli/internal/sqlite/distribution.go:52.15,52.35 1 1
github.com/gordcurrie/pacioli/internal/sqlite/distribution.go:54.2,55.18 2 1
github.com/gordcurrie/pacioli/internal/sqlite/distribution.go:55.18,57.17 2 1
github.com/gordcurrie/pacioli/internal/sqlite/distribution.go:57.17,59.4 1 0
github.com/gordcurrie/pacioli/internal/sqlite/distribution.go:60.3,60.23 1 1
github.com/gordcurrie/pacioli/internal/sqlite/distribution.go:62.2,62.24 1 1
github.com/gordcurrie/pacioli/internal/sqlite/distribution.go:65.115,70.16 2 1
github.com/gordcurrie/pacioli/internal/sqlite/distribution.go:70.16,72.3 1 0
github.com/gordcurrie/pacioli/internal/sqlite/distribution.go:73.2,73.15 1 1
github.com/gordcurrie/pacioli/internal/sqlite/distribution.go:73.15,73.35 1 1
github.com/gordcurrie/pacioli/internal/sqlite/distribution.go:75.2,76.18 2 1
github.com/gordcurrie/pacioli/internal/sqlite/distribution.go:76.18,78.17 2 1
github.com/gordcurrie/pacioli/internal/sqlite/distribution.go:78.17,80.4 1 0
github.com/gordcurrie/pacioli/internal/sqlite/distribution.go:81.3,81.23 1 1
github.com/gordcurrie/pacioli/internal/sqlite/distribution.go:83.2,83.24 1 1
github.com/gordcurrie/pacioli/internal/sqlite/distribution.go:90.74,93.115 3 1
github.com/gordcurrie/pacioli/internal/sqlite/distribution.go:93.115,95.3 1 0
github.com/gordcurrie/pacioli/internal/sqlite/distribution.go:96.2,98.16 3 1
github.com/gordcurrie/pacioli/internal/sqlite/fx.go:18.38,20.2 1 1
github.com/gordcurrie/pacioli/internal/sqlite/fx.go:22.122,29.35 3 1
github.com/gordcurrie/pacioli/internal/sqlite/fx.go:29.35,31.3 1 1
github.com/gordcurrie/pacioli/internal/sqlite/fx.go:32.2,32.16 1 1
github.com/gordcurrie/pacioli/internal/sqlite/fx.go:32.16,34.3 1 0
github.com/gordcurrie/pacioli/internal/sqlite/fx.go:36.2,37.16 2 1
github.com/gordcurrie/pacioli/internal/sqlite/fx.go:37.16,39.3 1 0
github.com/gordcurrie/pacioli/internal/sqlite/fx.go:40.2,40.18 1 1
github.com/gordcurrie/pacioli/internal/sqlite/fx.go:43.142,51.2 2 1
github.com/gordcurrie/pacioli/internal/sqlite/questrade.go:19.58,21.2 1 1
github.com/gordcurrie/pacioli/internal/sqlite/questrade.go:23.88,25.16 2 1
github.com/gordcurrie/pacioli/internal/sqlite/questrade.go:25.16,27.3 1 0
github.com/gordcurrie/pacioli/internal/sqlite/questrade.go:28.2,29.16 2 1
github.com/gordcurrie/pacioli/internal/sqlite/questrade.go:29.16,31.3 1 0
github.com/gordcurrie/pacioli/internal/sqlite/questrade.go:32.2,44.16 2 1
github.com/gordcurrie/pacioli/internal/sqlite/questrade.go:44.16,46.3 1 0
github.com/gordcurrie/pacioli/internal/sqlite/questrade.go:47.2,47.12 1 1
github.com/gordcurrie/pacioli/internal/sqlite/questrade.go:50.87,58.35 4 1
github.com/gordcurrie/pacioli/internal/sqlite/questrade.go:58.35,60.3 1 1
github.com/gordcurrie/pacioli/internal/sqlite/questrade.go:61.2,61.16 1 1
github.com/gordcurrie/pacioli/internal/sqlite/questrade.go:61.16,63.3 1 0
github.com/gordcurrie/pacioli/internal/sqlite/questrade.go:64.2,65.16 2 1
github.com/gordcurrie/pacioli/internal/sqlite/questrade.go:65.16,67.3 1 0
github.com/gordcurrie/pacioli/internal/sqlite/questrade.go:68.2,69.16 2 1
github.com/gordcurrie/pacioli/internal/sqlite/questrade.go:69.16,71.3 1 0
github.com/gordcurrie/pacioli/internal/sqlite/questrade.go:72.2,75.16 4 1
github.com/gordcurrie/pacioli/internal/sqlite/questrade.go:75.16,77.3 1 0
github.com/gordcurrie/pacioli/internal/sqlite/questrade.go:78.2,78.15 1 1
github.com/gordcurrie/pacioli/internal/sqlite/questrade.go:81.71,83.16 2 1
github.com/gordcurrie/pacioli/internal/sqlite/questrade.go:83.16,85.3 1 0
github.com/gordcurrie/pacioli/internal/sqlite/questrade.go:86.2,86.12 1 1
github.com/gordcurrie/pacioli/internal/sqlite/security.go:15.50,17.2 1 1
github.com/gordcurrie/pacioli/internal/sqlite/security.go:19.81,20.20 1 1
github.com/gordcurrie/pacioli/internal/sqlite/security.go:20.20,22.3 1 1
github.com/gordcurrie/pacioli/internal/sqlite/security.go:23.2,27.16 2 1
github.com/gordcurrie/pacioli/internal/sqlite/security.go:27.16,29.3 1 0
github.com/gordcurrie/pacioli/internal/sqlite/security.go:30.2,31.16 2 1
github.com/gordcurrie/pacioli/internal/sqlite/security.go:31.16,33.3 1 0
github.com/gordcurrie/pacioli/internal/sqlite/security.go:34.2,35.12 2 1
github.com/gordcurrie/pacioli/internal/sqlite/security.go:38.92,42.2 2 1
github.com/gordcurrie/pacioli/internal/sqlite/security.go:44.119,49.2 2 1
github.com/gordcurrie/pacioli/internal/sqlite/security.go:51.97,57.16 3 1
github.com/gordcurrie/pacioli/internal/sqlite/security.go:57.16,59.3 1 0
github.com/gordcurrie/pacioli/internal/sqlite/security.go:60.2,60.15 1 1
github.com/gordcurrie/pacioli/internal/sqlite/security.go:60.15,60.35 1 1
github.com/gordcurrie/pacioli/internal/sqlite/security.go:61.2,61.29 1 1
github.com/gordcurrie/pacioli/internal/sqlite/security.go:64.81,69.16 2 1
github.com/gordcurrie/pacioli/internal/sqlite/security.go:69.16,71.3 1 0
github.com/gordcurrie/pacioli/internal/sqlite/security.go:72.2,72.12 1 1
github.com/gordcurrie/pacioli/internal/sqlite/security.go:75.69,77.16 2 1
github.com/gordcurrie/pacioli/internal/sqlite/security.go:77.16,79.3 1 0
github.com/gordcurrie/pacioli/internal/sqlite/security.go:80.2,80.12 1 1
github.com/gordcurrie/pacioli/internal/sqlite/security.go:83.84,86.16 2 1
github.com/gordcurrie/pacioli/internal/sqlite/security.go:86.16,88.3 1 0
github.com/gordcurrie/pacioli/internal/sqlite/security.go:89.2,89.15 1 1
github.com/gordcurrie/pacioli/internal/sqlite/security.go:89.15,89.35 1 1
github.com/gordcurrie/pacioli/internal/sqlite/security.go:90.2,90.29 1 1
github.com/gordcurrie/pacioli/internal/sqlite/security.go:97.66,100.117 3 1
github.com/gordcurrie/pacioli/internal/sqlite/security.go:100.117,102.3 1 1
github.com/gordcurrie/pacioli/internal/sqlite/security.go:103.2,104.18 2 1
github.com/gordcurrie/pacioli/internal/sqlite/security.go:107.67,109.18 2 1
github.com/gordcurrie/pacioli/internal/sqlite/security.go:109.18,111.17 2 1
github.com/gordcurrie/pacioli/internal/sqlite/security.go:111.17,113.4 1 0
github.com/gordcurrie/pacioli/internal/sqlite/security.go:114.3,114.23 1 1
github.com/gordcurrie/pacioli/internal/sqlite/security.go:116.2,116.24 1 1
github.com/gordcurrie/pacioli/internal/sqlite/session.go:20.48,22.2 1 1
github.com/gordcurrie/pacioli/internal/sqlite/session.go:26.35,29.2 2 1
github.com/gordcurrie/pacioli/internal/sqlite/session.go:31.81,33.23 2 1
github.com/gordcurrie/pacioli/internal/sqlite/session.go:33.23,35.3 1 0
github.com/gordcurrie/pacioli/internal/sqlite/session.go:36.2,41.16 3 1
github.com/gordcurrie/pacioli/internal/sqlite/session.go:41.16,43.3 1 0
github.com/gordcurrie/pacioli/internal/sqlite/session.go:44.2,44.12 1 1
github.com/gordcurrie/pacioli/internal/sqlite/session.go:47.99,55.35 6 1
github.com/gordcurrie/pacioli/internal/sqlite/session.go:55.35,57.3 1 1
github.com/gordcurrie/pacioli/internal/sqlite/session.go:58.2,58.16 1 1
github.com/gordcurrie/pacioli/internal/sqlite/session.go:58.16,60.3 1 0
github.com/gordcurrie/pacioli/internal/sqlite/session.go:61.2,64.19 4 1
github.com/gordcurrie/pacioli/internal/sqlite/session.go:67.84,69.16 2 1
github.com/gordcurrie/pacioli/internal/sqlite/session.go:69.16,71.3 1 0
github.com/gordcurrie/pacioli/internal/sqlite/session.go:72.2,72.12 1 1
github.com/gordcurrie/pacioli/internal/sqlite/session.go:75.83,79.16 2 1
github.com/gordcurrie/pacioli/internal/sqlite/session.go:79.16,81.3 1 0
github.com/gordcurrie/pacioli/internal/sqlite/session.go:82.2,82.12 1 1
github.com/gordcurrie/pacioli/internal/sqlite/session.go:85.75,87.16 2 1
github.com/gordcurrie/pacioli/internal/sqlite/session.go:87.16,89.3 1 0
github.com/gordcurrie/pacioli/internal/sqlite/session.go:90.2,90.12 1 1
github.com/gordcurrie/pacioli/internal/sqlite/session.go:93.65,95.16 2 1
github.com/gordcurrie/pacioli/internal/sqlite/session.go:95.16,97.3 1 0
github.com/gordcurrie/pacioli/internal/sqlite/session.go:98.2,98.12 1 1
github.com/gordcurrie/pacioli/internal/sqlite/transaction.go:17.56,19.2 1 1
github.com/gordcurrie/pacioli/internal/sqlite/transaction.go:21.91,23.22 2 1
github.com/gordcurrie/pacioli/internal/sqlite/transaction.go:23.22,26.3 2 1
github.com/gordcurrie/pacioli/internal/sqlite/transaction.go:28.2,40.16 2 1
github.com/gordcurrie/pacioli/internal/sqlite/transaction.go:40.16,42.3 1 0
github.com/gordcurrie/pacioli/internal/sqlite/transaction.go:43.2,44.16 2 1
github.com/gordcurrie/pacioli/internal/sqlite/transaction.go:44.16,46.3 1 0
github.com/gordcurrie/pacioli/internal/sqlite/transaction.go:47.2,48.12 2 1
github.com/gordcurrie/pacioli/internal/sqlite/transaction.go:51.101,54.2 2 1
github.com/gordcurrie/pacioli/internal/sqlite/transaction.go:56.116,58.16 2 1
github.com/gordcurrie/pacioli/internal/sqlite/transaction.go:58.16,60.3 1 0
github.com/gordcurrie/pacioli/internal/sqlite/transaction.go:61.2,61.15 1 1
github.com/gordcurrie/pacioli/internal/sqlite/transaction.go:61.15,61.35 1 1
github.com/gordcurrie/pacioli/internal/sqlite/transaction.go:62.2,62.31 1 1
github.com/gordcurrie/pacioli/internal/sqlite/transaction.go:65.139,70.16 2 1
github.com/gordcurrie/pacioli/internal/sqlite/transaction.go:70.16,72.3 1 0
github.com/gordcurrie/pacioli/internal/sqlite/transaction.go:73.2,73.15 1 1
github.com/gordcurrie/pacioli/internal/sqlite/transaction.go:73.15,73.35 1 1
github.com/gordcurrie/pacioli/internal/sqlite/transaction.go:74.2,74.31 1 1
github.com/gordcurrie/pacioli/internal/sqlite/transaction.go:77.152,83.16 2 1
github.com/gordcurrie/pacioli/internal/sqlite/transaction.go:83.16,85.3 1 0
github.com/gordcurrie/pacioli/internal/sqlite/transaction.go:86.2,86.15 1 1
github.com/gordcurrie/pacioli/internal/sqlite/transaction.go:86.15,86.35 1 1
github.com/gordcurrie/pacioli/internal/sqlite/transaction.go:87.2,87.31 1 1
github.com/gordcurrie/pacioli/internal/sqlite/transaction.go:90.137,95.16 2 1
github.com/gordcurrie/pacioli/internal/sqlite/transaction.go:95.16,97.3 1 0
github.com/gordcurrie/pacioli/internal/sqlite/transaction.go:98.2,98.15 1 1
github.com/gordcurrie/pacioli/internal/sqlite/transaction.go:98.15,98.35 1 1
github.com/gordcurrie/pacioli/internal/sqlite/transaction.go:99.2,99.31 1 1
github.com/gordcurrie/pacioli/internal/sqlite/transaction.go:102.138,107.16 2 1
github.com/gordcurrie/pacioli/internal/sqlite/transaction.go:107.16,109.3 1 0
github.com/gordcurrie/pacioli/internal/sqlite/transaction.go:110.2,110.15 1 1
github.com/gordcurrie/pacioli/internal/sqlite/transaction.go:110.15,110.35 1 1
github.com/gordcurrie/pacioli/internal/sqlite/transaction.go:111.2,111.31 1 1
github.com/gordcurrie/pacioli/internal/sqlite/transaction.go:114.72,117.2 2 0
github.com/gordcurrie/pacioli/internal/sqlite/transaction.go:119.138,121.19 2 1
github.com/gordcurrie/pacioli/internal/sqlite/transaction.go:121.19,124.3 2 1
github.com/gordcurrie/pacioli/internal/sqlite/transaction.go:125.2,129.16 2 1
github.com/gordcurrie/pacioli/internal/sqlite/transaction.go:129.16,131.3 1 0
github.com/gordcurrie/pacioli/internal/sqlite/transaction.go:132.2,132.12 1 1
github.com/gordcurrie/pacioli/internal/sqlite/transaction.go:146.69,159.16 8 1
github.com/gordcurrie/pacioli/internal/sqlite/transaction.go:159.16,161.3 1 0
github.com/gordcurrie/pacioli/internal/sqlite/transaction.go:163.2,175.19 12 1
github.com/gordcurrie/pacioli/internal/sqlite/transaction.go:175.19,178.3 2 1
github.com/gordcurrie/pacioli/internal/sqlite/transaction.go:180.2,180.17 1 1
github.com/gordcurrie/pacioli/internal/sqlite/transaction.go:183.75,185.18 2 1
github.com/gordcurrie/pacioli/internal/sqlite/transaction.go:185.18,187.17 2 1
github.com/gordcurrie/pacioli/internal/sqlite/transaction.go:187.17,189.4 1 0
github.com/gordcurrie/pacioli/internal/sqlite/transaction.go:190.3,190.24 1 1
github.com/gordcurrie/pacioli/internal/sqlite/transaction.go:192.2,192.24 1 1
github.com/gordcurrie/pacioli/internal/sqlite/user.go:19.54,21.2 1 1
github.com/gordcurrie/pacioli/internal/sqlite/user.go:23.78,25.15 2 1
github.com/gordcurrie/pacioli/internal/sqlite/user.go:25.15,27.3 1 1
github.com/gordcurrie/pacioli/internal/sqlite/user.go:28.2,32.16 2 1
github.com/gordcurrie/pacioli/internal/sqlite/user.go:32.16,34.3 1 0
github.com/gordcurrie/pacioli/internal/sqlite/user.go:35.2,36.16 2 1
github.com/gordcurrie/pacioli/internal/sqlite/user.go:36.16,38.3 1 0
github.com/gordcurrie/pacioli/internal/sqlite/user.go:39.2,39.16 1 1
github.com/gordcurrie/pacioli/internal/sqlite/user.go:42.80,46.35 2 1
github.com/gordcurrie/pacioli/internal/sqlite/user.go:46.35,48.3 1 1
github.com/gordcurrie/pacioli/internal/sqlite/user.go:49.2,49.15 1 1
github.com/gordcurrie/pacioli/internal/sqlite/user.go:52.87,56.35 2 1
github.com/gordcurrie/pacioli/internal/sqlite/user.go:56.35,58.3 1 1
github.com/gordcurrie/pacioli/internal/sqlite/user.go:59.2,59.15 1 1
github.com/gordcurrie/pacioli/internal/sqlite/user.go:62.69,66.16 2 1
github.com/gordcurrie/pacioli/internal/sqlite/user.go:66.16,68.3 1 0
github.com/gordcurrie/pacioli/internal/sqlite/user.go:69.2,69.15 1 1
github.com/gordcurrie/pacioli/internal/sqlite/user.go:69.15,69.35 1 1
github.com/gordcurrie/pacioli/internal/sqlite/user.go:70.2,71.18 2 1
github.com/gordcurrie/pacioli/internal/sqlite/user.go:71.18,73.17 2 1
github.com/gordcurrie/pacioli/internal/sqlite/user.go:73.17,75.4 1 0
github.com/gordcurrie/pacioli/internal/sqlite/user.go:76.3,76.27 1 1
github.com/gordcurrie/pacioli/internal/sqlite/user.go:78.2,78.26 1 1
github.com/gordcurrie/pacioli/internal/sqlite/user.go:81.90,85.16 2 1
github.com/gordcurrie/pacioli/internal/sqlite/user.go:85.16,87.3 1 0
github.com/gordcurrie/pacioli/internal/sqlite/user.go:88.2,88.12 1 1
github.com/gordcurrie/pacioli/internal/sqlite/user.go:91.85,93.13 2 1
github.com/gordcurrie/pacioli/internal/sqlite/user.go:93.13,95.3 1 1
github.com/gordcurrie/pacioli/internal/sqlite/user.go:96.2,97.16 2 1
github.com/gordcurrie/pacioli/internal/sqlite/user.go:97.16,99.3 1 0
github.com/gordcurrie/pacioli/internal/sqlite/user.go:100.2,100.12 1 1
github.com/gordcurrie/pacioli/internal/sqlite/user.go:103.102,105.29 2 1
github.com/gordcurrie/pacioli/internal/sqlite/user.go:105.29,106.23 1 1
github.com/gordcurrie/pacioli/internal/sqlite/user.go:106.23,108.4 1 1
github.com/gordcurrie/pacioli/internal/sqlite/user.go:109.3,111.17 3 1
github.com/gordcurrie/pacioli/internal/sqlite/user.go:111.17,113.4 1 0
github.com/gordcurrie/pacioli/internal/sqlite/user.go:115.2,116.13 2 1
github.com/gordcurrie/pacioli/internal/sqlite/user.go:116.13,118.3 1 1
github.com/gordcurrie/pacioli/internal/sqlite/user.go:119.2,123.16 2 1
github.com/gordcurrie/pacioli/internal/sqlite/user.go:123.16,125.3 1 0
github.com/gordcurrie/pacioli/internal/sqlite/user.go:126.2,126.12 1 1
github.com/gordcurrie/pacioli/internal/sqlite/user.go:129.71,132.16 3 1
github.com/gordcurrie/pacioli/internal/sqlite/user.go:132.16,134.3 1 0
github.com/gordcurrie/pacioli/internal/sqlite/user.go:135.2,135.15 1 1
github.com/gordcurrie/pacioli/internal/sqlite/user.go:138.96,139.26 1 1
github.com/gordcurrie/pacioli/internal/sqlite/user.go:139.26,144.17 2 1
github.com/gordcurrie/pacioli/internal/sqlite/user.go:144.17,146.4 1 0
github.com/gordcurrie/pacioli/internal/sqlite/user.go:148.2,148.12 1 1
github.com/gordcurrie/pacioli/internal/sqlite/user.go:151.104,155.16 2 1
github.com/gordcurrie/pacioli/internal/sqlite/user.go:155.16,157.3 1 0
github.com/gordcurrie/pacioli/internal/sqlite/user.go:158.2,158.15 1 1
github.com/gordcurrie/pacioli/internal/sqlite/user.go:158.15,158.35 1 1
github.com/gordcurrie/pacioli/internal/sqlite/user.go:159.2,160.18 2 1
github.com/gordcurrie/pacioli/internal/sqlite/user.go:160.18,163.74 3 1
github.com/gordcurrie/pacioli/internal/sqlite/user.go:163.74,165.4 1 0
github.com/gordcurrie/pacioli/internal/sqlite/user.go:166.3,166.19 1 1
github.com/gordcurrie/pacioli/internal/sqlite/user.go:166.19,169.4 2 1
github.com/gordcurrie/pacioli/internal/sqlite/user.go:170.3,170.29 1 1
github.com/gordcurrie/pacioli/internal/sqlite/user.go:172.2,172.26 1 1
github.com/gordcurrie/pacioli/internal/sqlite/user.go:175.83,179.16 2 1
github.com/gordcurrie/pacioli/internal/sqlite/user.go:179.16,181.3 1 0
github.com/gordcurrie/pacioli/internal/sqlite/user.go:182.2,182.12 1 1
github.com/gordcurrie/pacioli/internal/sqlite/user.go:185.82,187.16 2 1
github.com/gordcurrie/pacioli/internal/sqlite/user.go:187.16,189.3 1 0
github.com/gordcurrie/pacioli/internal/sqlite/user.go:190.2,190.12 1 1
github.com/gordcurrie/pacioli/internal/sqlite/user.go:197.59,201.117 4 1
github.com/gordcurrie/pacioli/internal/sqlite/user.go:201.117,203.3 1 1
github.com/gordcurrie/pacioli/internal/sqlite/user.go:204.2,206.41 3 1
github.com/gordcurrie/pacioli/internal/sqlite/user.go:206.41,208.17 2 1
github.com/gordcurrie/pacioli/internal/sqlite/user.go:208.17,210.4 1 0
github.com/gordcurrie/pacioli/internal/sqlite/user.go:211.3,211.23 1 1
github.com/gordcurrie/pacioli/internal/sqlite/user.go:213.2,213.16 1 1
github.com/gordcurrie/pacioli/internal/handler/acb.go:28.65,30.16 2 0
github.com/gordcurrie/pacioli/internal/handler/acb.go:30.16,33.3 2 0
github.com/gordcurrie/pacioli/internal/handler/acb.go:34.2,34.63 1 0
github.com/gordcurrie/pacioli/internal/handler/acb.go:37.67,39.16 2 0
github.com/gordcurrie/pacioli/internal/handler/acb.go:39.16,42.3 2 0
github.com/gordcurrie/pacioli/internal/handler/acb.go:43.2,43.66 1 0
github.com/gordcurrie/pacioli/internal/handler/acb.go:46.77,48.16 2 0
github.com/gordcurrie/pacioli/internal/handler/acb.go:48.16,50.3 1 0
github.com/gordcurrie/pacioli/internal/handler/acb.go:51.2,52.31 2 0
github.com/gordcurrie/pacioli/internal/handler/acb.go:52.31,54.17 2 0
github.com/gordcurrie/pacioli/internal/handler/acb.go:54.17,56.4 1 0
github.com/gordcurrie/pacioli/internal/handler/acb.go:57.3,57.33 1 0
github.com/gordcurrie/pacioli/internal/handler/acb.go:57.33,59.4 1 0
github.com/gordcurrie/pacioli/internal/handler/acb.go:61.2,61.23 1 0
github.com/gordcurrie/pacioli/internal/handler/acb.go:64.67,66.16 2 0
github.com/gordcurrie/pacioli/internal/handler/acb.go:66.16,69.3 2 0
github.com/gordcurrie/pacioli/internal/handler/acb.go:71.2,72.16 2 0
github.com/gordcurrie/pacioli/internal/handler/acb.go:72.16,75.3 2 0
github.com/gordcurrie/pacioli/internal/handler/acb.go:77.2,78.16 2 0
github.com/gordcurrie/pacioli/internal/handler/acb.go:78.16,81.3 2 0
github.com/gordcurrie/pacioli/internal/handler/acb.go:83.2,90.4 2 0
github.com/gordcurrie/pacioli/internal/handler/account.go:29.72,31.16 2 1
github.com/gordcurrie/pacioli/internal/handler/account.go:31.16,34.3 2 0
github.com/gordcurrie/pacioli/internal/handler/account.go:35.2,35.65 1 1
github.com/gordcurrie/pacioli/internal/handler/account.go:38.70,43.2 1 0
github.com/gordcurrie/pacioli/internal/handler/account.go:45.73,46.38 1 0
github.com/gordcurrie/pacioli/internal/handler/account.go:46.38,53.3 2 0
github.com/gordcurrie/pacioli/internal/handler/account.go:55.2,65.58 2 0
github.com/gordcurrie/pacioli/internal/handler/account.go:65.58,72.3 2 0
github.com/gordcurrie/pacioli/internal/handler/account.go:73.2,74.55 2 0
github.com/gordcurrie/pacioli/internal/handler/account.go:77.71,79.16 2 0
github.com/gordcurrie/pacioli/internal/handler/account.go:79.16,82.3 2 0
github.com/gordcurrie/pacioli/internal/handler/account.go:83.2,84.16 2 0
github.com/gordcurrie/pacioli/internal/handler/account.go:84.16,87.3 2 0
github.com/gordcurrie/pacioli/internal/handler/account.go:88.2,88.45 1 0
github.com/gordcurrie/pacioli/internal/handler/account.go:88.45,91.3 2 0
github.com/gordcurrie/pacioli/internal/handler/account.go:92.2,92.81 1 0
github.com/gordcurrie/pacioli/internal/handler/account.go:95.73,97.16 2 0
github.com/gordcurrie/pacioli/internal/handler/account.go:97.16,100.3 2 0
github.com/gordcurrie/pacioli/internal/handler/account.go:101.2,102.16 2 0
github.com/gordcurrie/pacioli/internal/handler/account.go:102.16,105.3 2 0
github.com/gordcurrie/pacioli/internal/handler/account.go:106.2,106.52 1 0
github.com/gordcurrie/pacioli/internal/handler/account.go:106.52,109.3 2 0
github.com/gordcurrie/pacioli/internal/handler/account.go:111.2,111.38 1 0
github.com/gordcurrie/pacioli/internal/handler/account.go:111.38,114.3 2 0
github.com/gordcurrie/pacioli/internal/handler/account.go:116.2,126.58 2 0
github.com/gordcurrie/pacioli/internal/handler/account.go:126.58,133.3 2 0
github.com/gordcurrie/pacioli/internal/handler/account.go:134.2,134.55 1 0
github.com/gordcurrie/pacioli/internal/handler/account.go:137.73,139.16 2 0
github.com/gordcurrie/pacioli/internal/handler/account.go:139.16,142.3 2 0
github.com/gordcurrie/pacioli/internal/handler/account.go:143.2,144.16 2 0
github.com/gordcurrie/pacioli/internal/handler/account.go:144.16,147.3 2 0
github.com/gordcurrie/pacioli/internal/handler/account.go:148.2,148.52 1 0
github.com/gordcurrie/pacioli/internal/handler/account.go:148.52,151.3 2 0
github.com/gordcurrie/pacioli/internal/handler/account.go:152.2,153.16 2 0
github.com/gordcurrie/pacioli/internal/handler/account.go:153.16,155.3 1 0
github.com/gordcurrie/pacioli/internal/handler/account.go:156.2,156.59 1 0
github.com/gordcurrie/pacioli/internal/handler/account.go:156.59,159.3 2 0
github.com/gordcurrie/pacioli/internal/handler/account.go:160.2,161.30 2 0
github.com/gordcurrie/pacioli/internal/handler/admin.go:17.74,19.16 2 1
github.com/gordcurrie/pacioli/internal/handler/admin.go:19.16,22.3 2 0
github.com/gordcurrie/pacioli/internal/handler/admin.go:23.2,23.65 1 1
github.com/gordcurrie/pacioli/internal/handler/admin.go:26.75,30.32 3 1
github.com/gordcurrie/pacioli/internal/handler/admin.go:30.32,33.3 2 0
github.com/gordcurrie/pacioli/internal/handler/admin.go:35.2,35.35 1 1
github.com/gordcurrie/pacioli/internal/handler/admin.go:35.35,38.3 2 0
github.com/gordcurrie/pacioli/internal/handler/admin.go:39.2,39.23 1 1
github.com/gordcurrie/pacioli/internal/handler/admin.go:39.23,42.3 2 0
github.com/gordcurrie/pacioli/internal/handler/admin.go:44.2,45.16 2 1
github.com/gordcurrie/pacioli/internal/handler/admin.go:45.16,48.3 2 0
github.com/gordcurrie/pacioli/internal/handler/admin.go:50.2,54.17 1 1
github.com/gordcurrie/pacioli/internal/handler/admin.go:54.17,57.3 2 0
github.com/gordcurrie/pacioli/internal/handler/admin.go:59.2,60.91 2 1
github.com/gordcurrie/pacioli/internal/handler/admin.go:63.78,65.16 2 1
github.com/gordcurrie/pacioli/internal/handler/admin.go:65.16,68.3 2 0
github.com/gordcurrie/pacioli/internal/handler/admin.go:70.2,72.32 2 1
github.com/gordcurrie/pacioli/internal/handler/admin.go:72.32,75.3 2 0
github.com/gordcurrie/pacioli/internal/handler/admin.go:77.2,77.23 1 1
github.com/gordcurrie/pacioli/internal/handler/admin.go:77.23,80.3 2 0
github.com/gordcurrie/pacioli/internal/handler/admin.go:82.2,83.16 2 1
github.com/gordcurrie/pacioli/internal/handler/admin.go:83.16,86.3 2 0
github.com/gordcurrie/pacioli/internal/handler/admin.go:88.2,88.78 1 1
github.com/gordcurrie/pacioli/internal/handler/admin.go:88.78,91.3 2 0
github.com/gordcurrie/pacioli/internal/handler/admin.go:93.2,94.93 2 1
github.com/gordcurrie/pacioli/internal/handler/auth.go:24.69,26.16 2 1
github.com/gordcurrie/pacioli/internal/handler/auth.go:26.16,29.3 2 0
github.com/gordcurrie/pacioli/internal/handler/auth.go:30.2,30.11 1 1
github.com/gordcurrie/pacioli/internal/handler/auth.go:30.11,33.3 2 1
github.com/gordcurrie/pacioli/internal/handler/auth.go:34.2,34.30 1 1
github.com/gordcurrie/pacioli/internal/handler/auth.go:40.71,42.16 2 1
github.com/gordcurrie/pacioli/internal/handler/auth.go:42.16,45.3 2 0
github.com/gordcurrie/pacioli/internal/handler/auth.go:46.2,46.11 1 1
github.com/gordcurrie/pacioli/internal/handler/auth.go:46.11,49.3 2 0
github.com/gordcurrie/pacioli/internal/handler/auth.go:51.2,55.35 4 1
github.com/gordcurrie/pacioli/internal/handler/auth.go:55.35,58.3 2 0
github.com/gordcurrie/pacioli/internal/handler/auth.go:59.2,59.25 1 1
github.com/gordcurrie/pacioli/internal/handler/auth.go:59.25,62.3 2 1
github.com/gordcurrie/pacioli/internal/handler/auth.go:63.2,63.23 1 1
github.com/gordcurrie/pacioli/internal/handler/auth.go:63.23,66.3 2 1
github.com/gordcurrie/pacioli/internal/handler/auth.go:68.2,69.16 2 1
github.com/gordcurrie/pacioli/internal/handler/auth.go:69.16,72.3 2 0
github.com/gordcurrie/pacioli/internal/handler/auth.go:75.2,77.16 3 1
github.com/gordcurrie/pacioli/internal/handler/auth.go:77.16,79.90 1 0
github.com/gordcurrie/pacioli/internal/handler/auth.go:79.90,82.4 2 0
github.com/gordcurrie/pacioli/internal/handler/auth.go:83.3,83.76 1 0
github.com/gordcurrie/pacioli/internal/handler/auth.go:83.76,86.4 2 0
github.com/gordcurrie/pacioli/internal/handler/auth.go:87.3,87.23 1 0
github.com/gordcurrie/pacioli/internal/handler/auth.go:88.8,92.18 3 1
github.com/gordcurrie/pacioli/internal/handler/auth.go:92.18,95.4 2 0
github.com/gordcurrie/pacioli/internal/handler/auth.go:96.3,96.14 1 1
github.com/gordcurrie/pacioli/internal/handler/auth.go:99.2,100.16 2 1
github.com/gordcurrie/pacioli/internal/handler/auth.go:100.16,103.3 2 0
github.com/gordcurrie/pacioli/internal/handler/auth.go:104.2,109.17 1 1
github.com/gordcurrie/pacioli/internal/handler/auth.go:109.17,112.3 2 0
github.com/gordcurrie/pacioli/internal/handler/auth.go:114.2,115.47 2 1
github.com/gordcurrie/pacioli/internal/handler/auth.go:122.69,124.2 1 1
github.com/gordcurrie/pacioli/internal/handler/auth.go:126.71,131.40 4 1
github.com/gordcurrie/pacioli/internal/handler/auth.go:131.40,134.3 2 1
github.com/gordcurrie/pacioli/internal/handler/auth.go:136.2,136.96 1 1
github.com/gordcurrie/pacioli/internal/handler/auth.go:136.96,139.3 2 1
github.com/gordcurrie/pacioli/internal/handler/auth.go:141.2,142.16 2 1
github.com/gordcurrie/pacioli/internal/handler/auth.go:142.16,145.3 2 0
github.com/gordcurrie/pacioli/internal/handler/auth.go:147.2,153.17 2 1
github.com/gordcurrie/pacioli/internal/handler/auth.go:153.17,156.3 2 0
github.com/gordcurrie/pacioli/internal/handler/auth.go:158.2,160.19 2 1
github.com/gordcurrie/pacioli/internal/handler/auth.go:160.19,163.3 2 0
github.com/gordcurrie/pacioli/internal/handler/auth.go:164.2,164.47 1 1
github.com/gordcurrie/pacioli/internal/handler/auth.go:171.68,173.2 1 1
github.com/gordcurrie/pacioli/internal/handler/auth.go:175.70,177.16 2 1
github.com/gordcurrie/pacioli/internal/handler/auth.go:177.16,180.3 2 0
github.com/gordcurrie/pacioli/internal/handler/auth.go:182.2,184.52 3 1
github.com/gordcurrie/pacioli/internal/handler/auth.go:184.52,187.3 2 0
github.com/gordcurrie/pacioli/internal/handler/auth.go:189.2,190.16 2 1
github.com/gordcurrie/pacioli/internal/handler/auth.go:190.16,193.3 2 0
github.com/gordcurrie/pacioli/internal/handler/auth.go:195.2,198.78 2 1
github.com/gordcurrie/pacioli/internal/handler/auth.go:198.78,199.74 1 1
github.com/gordcurrie/pacioli/internal/handler/auth.go:199.74,202.4 2 0
github.com/gordcurrie/pacioli/internal/handler/auth.go:203.3,204.9 2 1
github.com/gordcurrie/pacioli/internal/handler/auth.go:208.2,208.65 1 1
github.com/gordcurrie/pacioli/internal/handler/auth.go:208.65,211.3 2 0
github.com/gordcurrie/pacioli/internal/handler/auth.go:211.8,211.15 1 1
github.com/gordcurrie/pacioli/internal/handler/auth.go:211.15,212.74 1 0
github.com/gordcurrie/pacioli/internal/handler/auth.go:212.74,215.4 2 0
github.com/gordcurrie/pacioli/internal/handler/auth.go:216.3,217.9 2 0
github.com/gordcurrie/pacioli/internal/handler/auth.go:220.2,220.78 1 1
github.com/gordcurrie/pacioli/internal/handler/auth.go:223.66,224.53 1 1
github.com/gordcurrie/pacioli/internal/handler/auth.go:224.53,226.76 2 1
github.com/gordcurrie/pacioli/internal/handler/auth.go:226.76,228.4 1 1
github.com/gordcurrie/pacioli/internal/handler/auth.go:230.2,231.52 2 1
github.com/gordcurrie/pacioli/internal/handler/auth.go:234.38,236.40 2 1
github.com/gordcurrie/pacioli/internal/handler/auth.go:236.40,238.3 1 0
github.com/gordcurrie/pacioli/internal/handler/auth.go:239.2,239.50 1 1
github.com/gordcurrie/pacioli/internal/handler/auth.go:244.97,246.16 2 1
github.com/gordcurrie/pacioli/internal/handler/auth.go:246.16,248.3 1 0
github.com/gordcurrie/pacioli/internal/handler/auth.go:249.2,249.27 1 1
github.com/gordcurrie/pacioli/internal/handler/auth.go:249.27,250.23 1 0
github.com/gordcurrie/pacioli/internal/handler/auth.go:250.23,251.12 1 0
github.com/gordcurrie/pacioli/internal/handler/auth.go:253.3,253.86 1 0
github.com/gordcurrie/pacioli/internal/handler/auth.go:253.86,255.4 1 0
github.com/gordcurrie/pacioli/internal/handler/auth.go:257.2,257.19 1 1
github.com/gordcurrie/pacioli/internal/handler/gains.go:34.45,36.46 2 1
github.com/gordcurrie/pacioli/internal/handler/gains.go:36.46,38.3 1 1
github.com/gordcurrie/pacioli/internal/handler/gains.go:39.2,39.19 1 1
github.com/gordcurrie/pacioli/internal/handler/gains.go:42.69,44.2 1 1
github.com/gordcurrie/pacioli/internal/handler/gains.go:46.76,48.9 2 1
github.com/gordcurrie/pacioli/internal/handler/gains.go:48.9,51.3 2 1
github.com/gordcurrie/pacioli/internal/handler/gains.go:53.2,54.16 2 1
github.com/gordcurrie/pacioli/internal/handler/gains.go:54.16,57.3 2 0
github.com/gordcurrie/pacioli/internal/handler/gains.go:59.2,59.107 1 1
github.com/gordcurrie/pacioli/internal/handler/gains.go:62.74,64.9 2 1
github.com/gordcurrie/pacioli/internal/handler/gains.go:64.9,67.3 2 0
github.com/gordcurrie/pacioli/internal/handler/gains.go:69.2,70.16 2 1
github.com/gordcurrie/pacioli/internal/handler/gains.go:70.16,73.3 2 0
github.com/gordcurrie/pacioli/internal/handler/gains.go:75.2,79.161 4 1
github.com/gordcurrie/pacioli/internal/handler/gains.go:79.161,82.3 2 0
github.com/gordcurrie/pacioli/internal/handler/gains.go:83.2,83.36 1 1
github.com/gordcurrie/pacioli/internal/handler/gains.go:83.36,85.29 2 0
github.com/gordcurrie/pacioli/internal/handler/gains.go:85.29,87.4 1 0
github.com/gordcurrie/pacioli/internal/handler/gains.go:88.3,97.18 1 0
github.com/gordcurrie/pacioli/internal/handler/gains.go:97.18,100.4 2 0
github.com/gordcurrie/pacioli/internal/handler/gains.go:102.2,103.35 2 1
github.com/gordcurrie/pacioli/internal/handler/gains.go:103.35,105.3 1 0
github.com/gordcurrie/pacioli/internal/handler/gains.go:108.75,110.9 2 1
github.com/gordcurrie/pacioli/internal/handler/gains.go:110.9,113.3 2 1
github.com/gordcurrie/pacioli/internal/handler/gains.go:114.2,115.30 2 1
github.com/gordcurrie/pacioli/internal/handler/gains.go:115.30,118.3 2 1
github.com/gordcurrie/pacioli/internal/handler/gains.go:120.2,121.16 2 1
github.com/gordcurrie/pacioli/internal/handler/gains.go:121.16,124.3 2 1
github.com/gordcurrie/pacioli/internal/handler/gains.go:126.2,126.97 1 1
github.com/gordcurrie/pacioli/internal/handler/gains.go:129.70,131.9 2 1
github.com/gordcurrie/pacioli/internal/handler/gains.go:131.9,134.3 2 0
github.com/gordcurrie/pacioli/internal/handler/gains.go:136.2,137.16 2 1
github.com/gordcurrie/pacioli/internal/handler/gains.go:137.16,140.3 2 0
github.com/gordcurrie/pacioli/internal/handler/gains.go:142.2,142.74 1 1
github.com/gordcurrie/pacioli/internal/handler/gains.go:145.68,147.9 2 1
github.com/gordcurrie/pacioli/internal/handler/gains.go:147.9,150.3 2 0
github.com/gordcurrie/pacioli/internal/handler/gains.go:152.2,152.90 1 1
github.com/gordcurrie/pacioli/internal/handler/gains.go:152.90,155.3 2 0
github.com/gordcurrie/pacioli/internal/handler/gains.go:157.2,157.72 1 1
github.com/gordcurrie/pacioli/internal/handler/handler.go:62.37,63.9 1 1
github.com/gordcurrie/pacioli/internal/handler/handler.go:64.27,65.53 1 0
github.com/gordcurrie/pacioli/internal/handler/handler.go:66.29,67.55 1 0
github.com/gordcurrie/pacioli/internal/handler/handler.go:68.31,69.57 1 0
github.com/gordcurrie/pacioli/internal/handler/handler.go:70.25,71.51 1 0
github.com/gordcurrie/pacioli/internal/handler/handler.go:72.24,73.50 1 0
github.com/gordcurrie/pacioli/internal/handler/handler.go:74.27,75.53 1 0
github.com/gordcurrie/pacioli/internal/handler/handler.go:76.25,77.51 1 0
github.com/gordcurrie/pacioli/internal/handler/handler.go:78.27,79.53 1 0
github.com/gordcurrie/pacioli/internal/handler/handler.go:80.25,81.51 1 0
github.com/gordcurrie/pacioli/internal/handler/handler.go:82.25,83.51 1 0
github.com/gordcurrie/pacioli/internal/handler/handler.go:84.29,85.55 1 0
github.com/gordcurrie/pacioli/internal/handler/handler.go:86.48,87.79 1 0
github.com/gordcurrie/pacioli/internal/handler/handler.go:89.2,89.12 1 1
github.com/gordcurrie/pacioli/internal/handler/handler.go:92.41,93.16 1 1
github.com/gordcurrie/pacioli/internal/handler/handler.go:93.16,95.3 1 0
github.com/gordcurrie/pacioli/internal/handler/handler.go:96.2,96.39 1 1
github.com/gordcurrie/pacioli/internal/handler/handler.go:96.39,98.3 1 0
github.com/gordcurrie/pacioli/internal/handler/handler.go:99.2,115.57 2 1
github.com/gordcurrie/pacioli/internal/handler/handler.go:115.57,117.3 1 0
github.com/gordcurrie/pacioli/internal/handler/handler.go:118.2,118.15 1 1
github.com/gordcurrie/pacioli/internal/handler/handler.go:121.52,137.26 3 1
github.com/gordcurrie/pacioli/internal/handler/handler.go:137.26,139.17 2 1
github.com/gordcurrie/pacioli/internal/handler/handler.go:139.17,141.4 1 0
github.com/gordcurrie/pacioli/internal/handler/handler.go:142.3,142.17 1 1
github.com/gordcurrie/pacioli/internal/handler/handler.go:144.2,144.12 1 1
github.com/gordcurrie/pacioli/internal/handler/handler.go:147.46,216.2 56 1
github.com/gordcurrie/pacioli/internal/handler/handler.go:225.89,227.9 2 1
github.com/gordcurrie/pacioli/internal/handler/handler.go:227.9,231.3 3 0
github.com/gordcurrie/pacioli/internal/handler/handler.go:232.2,234.98 3 1
github.com/gordcurrie/pacioli/internal/handler/handler.go:234.98,236.3 1 0
github.com/gordcurrie/pacioli/internal/handler/handler.go:239.82,242.2 2 0
github.com/gordcurrie/pacioli/internal/handler/handler.go:244.86,245.35 1 1
github.com/gordcurrie/pacioli/internal/handler/handler.go:245.35,248.3 2 1
github.com/gordcurrie/pacioli/internal/handler/handler.go:249.2,249.26 1 0
github.com/gordcurrie/pacioli/internal/handler/handler.go:252.139,261.17 2 0
github.com/gordcurrie/pacioli/internal/handler/handler.go:261.17,263.3 1 0
github.com/gordcurrie/pacioli/internal/handler/handler.go:266.70,276.2 1 1
github.com/gordcurrie/pacioli/internal/handler/handler.go:281.50,283.21 2 1
github.com/gordcurrie/pacioli/internal/handler/handler.go:283.21,284.78 1 0
github.com/gordcurrie/pacioli/internal/handler/handler.go:286.2,286.10 1 1
github.com/gordcurrie/pacioli/internal/handler/import.go:49.70,51.2 1 0
github.com/gordcurrie/pacioli/internal/handler/import.go:53.73,54.38 1 0
github.com/gordcurrie/pacioli/internal/handler/import.go:54.38,56.3 1 0
github.com/gordcurrie/pacioli/internal/handler/import.go:58.2,59.55 2 0
github.com/gordcurrie/pacioli/internal/handler/import.go:59.55,62.3 2 0
github.com/gordcurrie/pacioli/internal/handler/import.go:64.2,66.20 3 0
github.com/gordcurrie/pacioli/internal/handler/import.go:66.20,69.3 2 0
github.com/gordcurrie/pacioli/internal/handler/import.go:71.2,72.16 2 0
github.com/gordcurrie/pacioli/internal/handler/import.go:72.16,75.3 2 0
github.com/gordcurrie/pacioli/internal/handler/import.go:76.2,76.15 1 0
github.com/gordcurrie/pacioli/internal/handler/import.go:76.15,76.35 1 0
github.com/gordcurrie/pacioli/internal/handler/import.go:78.2,79.16 2 0
github.com/gordcurrie/pacioli/internal/handler/import.go:79.16,82.3 2 0
github.com/gordcurrie/pacioli/internal/handler/import.go:84.2,85.16 2 0
github.com/gordcurrie/pacioli/internal/handler/import.go:85.16,88.3 2 0
github.com/gordcurrie/pacioli/internal/handler/import.go:89.2,94.29 3 0
github.com/gordcurrie/pacioli/internal/handler/import.go:94.29,95.28 1 0
github.com/gordcurrie/pacioli/internal/handler/import.go:95.28,97.4 1 0
github.com/gordcurrie/pacioli/internal/handler/import.go:99.2,100.29 2 0
github.com/gordcurrie/pacioli/internal/handler/import.go:100.29,101.68 1 0
github.com/gordcurrie/pacioli/internal/handler/import.go:101.68,103.4 1 0
github.com/gordcurrie/pacioli/internal/handler/import.go:106.2,107.16 2 0
github.com/gordcurrie/pacioli/internal/handler/import.go:107.16,110.3 2 0
github.com/gordcurrie/pacioli/internal/handler/import.go:111.2,117.31 3 0
github.com/gordcurrie/pacioli/internal/handler/import.go:117.31,119.3 1 0
github.com/gordcurrie/pacioli/internal/handler/import.go:120.2,121.31 2 0
github.com/gordcurrie/pacioli/internal/handler/import.go:121.31,122.32 1 0
github.com/gordcurrie/pacioli/internal/handler/import.go:122.32,124.4 1 0
github.com/gordcurrie/pacioli/internal/handler/import.go:127.2,131.29 4 0
github.com/gordcurrie/pacioli/internal/handler/import.go:131.29,132.35 1 0
github.com/gordcurrie/pacioli/internal/handler/import.go:132.35,134.12 2 0
github.com/gordcurrie/pacioli/internal/handler/import.go:136.3,136.35 1 0
github.com/gordcurrie/pacioli/internal/handler/import.go:136.35,146.12 3 0
github.com/gordcurrie/pacioli/internal/handler/import.go:149.3,161.33 2 0
github.com/gordcurrie/pacioli/internal/handler/import.go:161.33,166.12 5 0
github.com/gordcurrie/pacioli/internal/handler/import.go:169.3,170.14 2 0
github.com/gordcurrie/pacioli/internal/handler/import.go:170.14,172.41 2 0
github.com/gordcurrie/pacioli/internal/handler/import.go:172.41,174.5 1 0
github.com/gordcurrie/pacioli/internal/handler/import.go:174.10,176.5 1 0
github.com/gordcurrie/pacioli/internal/handler/import.go:177.4,179.12 3 0
github.com/gordcurrie/pacioli/internal/handler/import.go:181.3,184.13 3 0
github.com/gordcurrie/pacioli/internal/handler/import.go:184.13,185.42 1 0
github.com/gordcurrie/pacioli/internal/handler/import.go:185.42,190.13 5 0
github.com/gordcurrie/pacioli/internal/handler/import.go:192.4,193.18 2 0
github.com/gordcurrie/pacioli/internal/handler/import.go:193.18,196.5 2 0
github.com/gordcurrie/pacioli/internal/handler/import.go:197.4,197.25 1 0
github.com/gordcurrie/pacioli/internal/handler/import.go:197.25,200.5 2 0
github.com/gordcurrie/pacioli/internal/handler/import.go:202.3,202.13 1 0
github.com/gordcurrie/pacioli/internal/handler/import.go:202.13,207.12 5 0
github.com/gordcurrie/pacioli/internal/handler/import.go:210.3,210.28 1 0
github.com/gordcurrie/pacioli/internal/handler/import.go:210.28,215.12 5 0
github.com/gordcurrie/pacioli/internal/handler/import.go:218.3,233.5 5 0
github.com/gordcurrie/pacioli/internal/handler/import.go:236.2,237.16 2 0
github.com/gordcurrie/pacioli/internal/handler/import.go:237.16,240.3 2 0
github.com/gordcurrie/pacioli/internal/handler/import.go:242.2,249.4 1 0
github.com/gordcurrie/pacioli/internal/handler/import.go:259.72,263.38 2 0
github.com/gordcurrie/pacioli/internal/handler/import.go:263.38,266.3 2 0
github.com/gordcurrie/pacioli/internal/handler/import.go:269.2,270.20 2 0
github.com/gordcurrie/pacioli/internal/handler/import.go:270.20,273.3 2 0
github.com/gordcurrie/pacioli/internal/handler/import.go:274.2,277.112 3 0
github.com/gordcurrie/pacioli/internal/handler/import.go:277.112,280.3 2 0
github.com/gordcurrie/pacioli/internal/handler/import.go:282.2,286.16 3 0
github.com/gordcurrie/pacioli/internal/handler/import.go:286.16,289.3 2 0
github.com/gordcurrie/pacioli/internal/handler/import.go:290.2,291.29 2 0
github.com/gordcurrie/pacioli/internal/handler/import.go:291.29,293.3 1 0
github.com/gordcurrie/pacioli/internal/handler/import.go:295.2,296.43 2 0
github.com/gordcurrie/pacioli/internal/handler/import.go:296.43,299.3 2 0
github.com/gordcurrie/pacioli/internal/handler/import.go:300.2,308.49 4 0
github.com/gordcurrie/pacioli/internal/handler/import.go:308.49,309.32 1 0
github.com/gordcurrie/pacioli/internal/handler/import.go:309.32,311.4 1 0
github.com/gordcurrie/pacioli/internal/handler/import.go:312.3,313.17 2 0
github.com/gordcurrie/pacioli/internal/handler/import.go:313.17,314.37 1 0
github.com/gordcurrie/pacioli/internal/handler/import.go:314.37,317.5 2 0
github.com/gordcurrie/pacioli/internal/handler/import.go:318.4,318.27 1 0
github.com/gordcurrie/pacioli/internal/handler/import.go:320.3,322.16 3 0
github.com/gordcurrie/pacioli/internal/handler/import.go:325.2,325.28 1 0
github.com/gordcurrie/pacioli/internal/handler/import.go:325.28,328.35 2 0
github.com/gordcurrie/pacioli/internal/handler/import.go:328.35,330.12 2 0
github.com/gordcurrie/pacioli/internal/handler/import.go:333.3,334.32 2 0
github.com/gordcurrie/pacioli/internal/handler/import.go:334.32,336.12 2 0
github.com/gordcurrie/pacioli/internal/handler/import.go:340.3,341.17 2 0
github.com/gordcurrie/pacioli/internal/handler/import.go:341.17,344.4 2 0
github.com/gordcurrie/pacioli/internal/handler/import.go:345.3,345.17 1 0
github.com/gordcurrie/pacioli/internal/handler/import.go:345.17,347.12 2 0
github.com/gordcurrie/pacioli/internal/handler/import.go:349.3,349.28 1 0
github.com/gordcurrie/pacioli/internal/handler/import.go:349.28,351.12 2 0
github.com/gordcurrie/pacioli/internal/handler/import.go:354.3,355.17 2 0
github.com/gordcurrie/pacioli/internal/handler/import.go:355.17,357.12 2 0
github.com/gordcurrie/pacioli/internal/handler/import.go:359.3,360.17 2 0
github.com/gordcurrie/pacioli/internal/handler/import.go:360.17,362.4 1 0
github.com/gordcurrie/pacioli/internal/handler/import.go:364.3,365.38 2 0
github.com/gordcurrie/pacioli/internal/handler/import.go:365.38,367.12 2 0
github.com/gordcurrie/pacioli/internal/handler/import.go:369.3,370.39 2 0
github.com/gordcurrie/pacioli/internal/handler/import.go:370.39,372.12 2 0
github.com/gordcurrie/pacioli/internal/handler/import.go:374.3,375.38 2 0
github.com/gordcurrie/pacioli/internal/handler/import.go:375.38,377.12 2 0
github.com/gordcurrie/pacioli/internal/handler/import.go:380.3,395.56 2 0
github.com/gordcurrie/pacioli/internal/handler/import.go:395.56,397.12 2 0
github.com/gordcurrie/pacioli/internal/handler/import.go:400.3,407.18 1 0
github.com/gordcurrie/pacioli/internal/handler/import.go:407.18,409.4 1 0
github.com/gordcurrie/pacioli/internal/handler/import.go:412.2,412.59 1 0
github.com/gordcurrie/pacioli/internal/handler/import.go:415.29,418.29 3 0
github.com/gordcurrie/pacioli/internal/handler/import.go:418.29,420.3 1 0
github.com/gordcurrie/pacioli/internal/handler/import.go:421.2,421.14 1 0
github.com/gordcurrie/pacioli/internal/handler/import.go:424.37,425.16 1 0
github.com/gordcurrie/pacioli/internal/handler/import.go:425.16,427.3 1 0
github.com/gordcurrie/pacioli/internal/handler/import.go:428.2,428.32 1 0
github.com/gordcurrie/pacioli/internal/handler/middleware.go:20.54,21.54 1 0
github.com/gordcurrie/pacioli/internal/handler/middleware.go:21.54,23.3 1 0
github.com/gordcurrie/pacioli/internal/handler/middleware.go:24.2,24.23 1 0
github.com/gordcurrie/pacioli/internal/handler/middleware.go:33.47,36.2 2 0
github.com/gordcurrie/pacioli/internal/handler/middleware.go:38.39,39.20 1 0
github.com/gordcurrie/pacioli/internal/handler/middleware.go:39.20,41.3 1 0
github.com/gordcurrie/pacioli/internal/handler/middleware.go:42.2,42.18 1 0
github.com/gordcurrie/pacioli/internal/handler/middleware.go:47.73,48.46 1 0
github.com/gordcurrie/pacioli/internal/handler/middleware.go:48.46,49.72 1 0
github.com/gordcurrie/pacioli/internal/handler/middleware.go:49.72,67.4 9 0
github.com/gordcurrie/pacioli/internal/handler/middleware.go:74.63,75.71 1 1
github.com/gordcurrie/pacioli/internal/handler/middleware.go:75.71,77.17 2 1
github.com/gordcurrie/pacioli/internal/handler/middleware.go:77.17,80.4 2 1
github.com/gordcurrie/pacioli/internal/handler/middleware.go:82.3,84.17 3 1
github.com/gordcurrie/pacioli/internal/handler/middleware.go:84.17,88.4 3 0
github.com/gordcurrie/pacioli/internal/handler/middleware.go:90.3,90.39 1 1
github.com/gordcurrie/pacioli/internal/handler/middleware.go:90.39,95.4 4 1
github.com/gordcurrie/pacioli/internal/handler/middleware.go:97.3,98.17 2 1
github.com/gordcurrie/pacioli/internal/handler/middleware.go:98.17,102.4 3 0
github.com/gordcurrie/pacioli/internal/handler/middleware.go:104.3,104.42 1 1
github.com/gordcurrie/pacioli/internal/handler/middleware.go:104.42,107.4 2 1
github.com/gordcurrie/pacioli/internal/handler/middleware.go:109.3,112.40 3 1
github.com/gordcurrie/pacioli/internal/handler/middleware.go:118.64,119.85 1 1
github.com/gordcurrie/pacioli/internal/handler/middleware.go:119.85,120.40 1 1
github.com/gordcurrie/pacioli/internal/handler/middleware.go:120.40,123.4 2 1
github.com/gordcurrie/pacioli/internal/handler/middleware.go:124.3,124.23 1 1
github.com/gordcurrie/pacioli/internal/handler/middleware.go:130.61,131.71 1 1
github.com/gordcurrie/pacioli/internal/handler/middleware.go:131.71,133.58 2 1
github.com/gordcurrie/pacioli/internal/handler/middleware.go:133.58,136.4 2 1
github.com/gordcurrie/pacioli/internal/handler/middleware.go:137.3,138.27 2 1
github.com/gordcurrie/pacioli/internal/handler/middleware.go:138.27,141.4 2 1
github.com/gordcurrie/pacioli/internal/handler/middleware.go:142.3,142.23 1 0
github.com/gordcurrie/pacioli/internal/handler/profile.go:24.72,26.2 1 1
github.com/gordcurrie/pacioli/internal/handler/profile.go:28.74,34.32 5 1
github.com/gordcurrie/pacioli/internal/handler/profile.go:34.32,36.3 1 1
github.com/gordcurrie/pacioli/internal/handler/profile.go:38.2,38.95 1 1
github.com/gordcurrie/pacioli/internal/handler/profile.go:38.95,41.3 2 1
github.com/gordcurrie/pacioli/internal/handler/profile.go:42.2,42.22 1 1
github.com/gordcurrie/pacioli/internal/handler/profile.go:42.22,45.3 2 0
github.com/gordcurrie/pacioli/internal/handler/profile.go:46.2,46.20 1 1
github.com/gordcurrie/pacioli/internal/handler/profile.go:46.20,49.3 2 0
github.com/gordcurrie/pacioli/internal/handler/profile.go:51.2,52.16 2 1
github.com/gordcurrie/pacioli/internal/handler/profile.go:52.16,55.3 2 0
github.com/gordcurrie/pacioli/internal/handler/profile.go:56.2,56.80 1 1
github.com/gordcurrie/pacioli/internal/handler/profile.go:56.80,59.3 2 0
github.com/gordcurrie/pacioli/internal/handler/profile.go:60.2,60.84 1 1
github.com/gordcurrie/pacioli/internal/handler/profile.go:76.73,81.25 3 0
github.com/gordcurrie/pacioli/internal/handler/profile.go:81.25,85.3 3 0
github.com/gordcurrie/pacioli/internal/handler/profile.go:87.2,88.26 2 0
github.com/gordcurrie/pacioli/internal/handler/profile.go:88.26,89.22 1 0
github.com/gordcurrie/pacioli/internal/handler/profile.go:89.22,91.4 1 0
github.com/gordcurrie/pacioli/internal/handler/profile.go:94.2,94.20 1 0
github.com/gordcurrie/pacioli/internal/handler/profile.go:94.20,99.17 2 0
github.com/gordcurrie/pacioli/internal/handler/profile.go:99.17,102.4 2 0
github.com/gordcurrie/pacioli/internal/handler/profile.go:103.3,104.17 2 0
github.com/gordcurrie/pacioli/internal/handler/profile.go:104.17,107.4 2 0
github.com/gordcurrie/pacioli/internal/handler/profile.go:108.3,109.47 2 0
github.com/gordcurrie/pacioli/internal/handler/profile.go:109.47,112.4 2 0
github.com/gordcurrie/pacioli/internal/handler/profile.go:113.3,114.36 2 0
github.com/gordcurrie/pacioli/internal/handler/profile.go:117.2,117.37 1 0
github.com/gordcurrie/pacioli/internal/handler/profile.go:120.70,123.25 2 0
github.com/gordcurrie/pacioli/internal/handler/profile.go:123.25,126.3 2 0
github.com/gordcurrie/pacioli/internal/handler/profile.go:128.2,131.34 3 0
github.com/gordcurrie/pacioli/internal/handler/profile.go:131.34,134.17 2 0
github.com/gordcurrie/pacioli/internal/handler/profile.go:134.17,137.4 2 0
github.com/gordcurrie/pacioli/internal/handler/profile.go:138.3,143.17 2 0
github.com/gordcurrie/pacioli/internal/handler/profile.go:143.17,146.4 2 0
github.com/gordcurrie/pacioli/internal/handler/profile.go:147.3,148.17 2 0
github.com/gordcurrie/pacioli/internal/handler/profile.go:148.17,151.4 2 0
github.com/gordcurrie/pacioli/internal/handler/profile.go:152.3,159.9 4 0
github.com/gordcurrie/pacioli/internal/handler/profile.go:162.2,162.76 1 0
github.com/gordcurrie/pacioli/internal/handler/profile.go:162.76,165.3 2 0
github.com/gordcurrie/pacioli/internal/handler/profile.go:168.2,169.16 2 0
github.com/gordcurrie/pacioli/internal/handler/profile.go:169.16,172.3 2 0
github.com/gordcurrie/pacioli/internal/handler/profile.go:173.2,174.74 2 0
github.com/gordcurrie/pacioli/internal/handler/profile.go:174.74,177.3 2 0
github.com/gordcurrie/pacioli/internal/handler/profile.go:179.2,182.4 1 0
github.com/gordcurrie/pacioli/internal/handler/profile.go:185.71,189.20 3 0
github.com/gordcurrie/pacioli/internal/handler/profile.go:189.20,192.3 2 0
github.com/gordcurrie/pacioli/internal/handler/profile.go:193.2,193.40 1 0
github.com/gordcurrie/pacioli/internal/handler/profile.go:193.40,199.3 2 0
github.com/gordcurrie/pacioli/internal/handler/profile.go:201.2,201.73 1 0
github.com/gordcurrie/pacioli/internal/handler/profile.go:201.73,204.3 2 0
github.com/gordcurrie/pacioli/internal/handler/profile.go:205.2,207.70 2 0
github.com/gordcurrie/pacioli/internal/handler/profile.go:211.82,214.23 3 0
github.com/gordcurrie/pacioli/internal/handler/profile.go:214.23,216.41 2 0
github.com/gordcurrie/pacioli/internal/handler/profile.go:216.41,218.4 1 0
github.com/gordcurrie/pacioli/internal/handler/profile.go:219.3,224.17 5 0
github.com/gordcurrie/pacioli/internal/handler/profile.go:224.17,226.4 1 0
github.com/gordcurrie/pacioli/internal/handler/profile.go:227.3,227.68 1 0
github.com/gordcurrie/pacioli/internal/handler/profile.go:229.2,229.26 1 0
github.com/gordcurrie/pacioli/internal/handler/questrade.go:91.73,94.16 3 0
github.com/gordcurrie/pacioli/internal/handler/questrade.go:94.16,96.3 1 0
github.com/gordcurrie/pacioli/internal/handler/questrade.go:97.2,97.24 1 0
github.com/gordcurrie/pacioli/internal/handler/questrade.go:97.24,99.3 1 0
github.com/gordcurrie/pacioli/internal/handler/questrade.go:103.2,106.16 4 0
github.com/gordcurrie/pacioli/internal/handler/questrade.go:106.16,108.3 1 0
github.com/gordcurrie/pacioli/internal/handler/questrade.go:109.2,109.24 1 0
github.com/gordcurrie/pacioli/internal/handler/questrade.go:109.24,111.3 1 0
github.com/gordcurrie/pacioli/internal/handler/questrade.go:112.2,113.16 2 0
github.com/gordcurrie/pacioli/internal/handler/questrade.go:113.16,115.3 1 0
github.com/gordcurrie/pacioli/internal/handler/questrade.go:116.2,116.81 1 0
github.com/gordcurrie/pacioli/internal/handler/questrade.go:116.81,118.3 1 0
github.com/gordcurrie/pacioli/internal/handler/questrade.go:119.2,119.19 1 0
github.com/gordcurrie/pacioli/internal/handler/questrade.go:122.73,123.23 1 0
github.com/gordcurrie/pacioli/internal/handler/questrade.go:123.23,126.3 2 0
github.com/gordcurrie/pacioli/internal/handler/questrade.go:127.2,129.53 3 0
github.com/gordcurrie/pacioli/internal/handler/questrade.go:129.53,132.3 2 0
[...]
github.com/gordcurrie/pacioli/internal/handler/questrade.go:595.3,596.17 2 0
github.com/gordcurrie/pacioli/internal/handler/questrade.go:596.17,598.12 2 0
github.com/gordcurrie/pacioli/internal/handler/questrade.go:600.3,601.17 2 0
github.com/gordcurrie/pacioli/internal/handler/questrade.go:601.17,603.4 1 0
github.com/gordcurrie/pacioli/internal/handler/questrade.go:605.3,606.38 2 0
github.com/gordcurrie/pacioli/internal/handler/questrade.go:606.38,608.12 2 0
github.com/gordcurrie/pacioli/internal/handler/questrade.go:610.3,611.45 2 0
github.com/gordcurrie/pacioli/internal/handler/questrade.go:611.45,613.12 2 0
github.com/gordcurrie/pacioli/internal/handler/questrade.go:615.3,616.44 2 0
github.com/gordcurrie/pacioli/internal/handler/questrade.go:616.44,618.12 2 0
github.com/gordcurrie/pacioli/internal/handler/questrade.go:622.3,626.23 4 0
github.com/gordcurrie/pacioli/internal/handler/questrade.go:627.14,627.14 0 0
github.com/gordcurrie/pacioli/internal/handler/questrade.go:629.14,631.18 2 0
github.com/gordcurrie/pacioli/internal/handler/questrade.go:631.18,633.13 2 0
github.com/gordcurrie/pacioli/internal/handler/questrade.go:635.4,637.18 3 0
github.com/gordcurrie/pacioli/internal/handler/questrade.go:638.11,640.12 2 0
github.com/gordcurrie/pacioli/internal/handler/questrade.go:643.3,659.56 2 0
github.com/gordcurrie/pacioli/internal/handler/questrade.go:659.56,661.12 2 0
github.com/gordcurrie/pacioli/internal/handler/questrade.go:664.3,671.18 1 0
github.com/gordcurrie/pacioli/internal/handler/questrade.go:671.18,673.4 1 0
github.com/gordcurrie/pacioli/internal/handler/questrade.go:676.2,676.59 1 0
github.com/gordcurrie/pacioli/internal/handler/questrade.go:681.73,682.23 1 0
github.com/gordcurrie/pacioli/internal/handler/questrade.go:682.23,685.3 2 0
github.com/gordcurrie/pacioli/internal/handler/questrade.go:686.2,690.16 4 0
github.com/gordcurrie/pacioli/internal/handler/questrade.go:690.16,691.39 1 0
github.com/gordcurrie/pacioli/internal/handler/questrade.go:691.39,694.4 2 0
github.com/gordcurrie/pacioli/internal/handler/questrade.go:695.3,696.9 2 0
github.com/gordcurrie/pacioli/internal/handler/questrade.go:699.2,702.16 3 0
github.com/gordcurrie/pacioli/internal/handler/questrade.go:702.16,706.3 3 0
github.com/gordcurrie/pacioli/internal/handler/questrade.go:708.2,709.16 2 0
github.com/gordcurrie/pacioli/internal/handler/questrade.go:709.16,712.3 2 0
github.com/gordcurrie/pacioli/internal/handler/questrade.go:713.2,714.29 2 0
github.com/gordcurrie/pacioli/internal/handler/questrade.go:714.29,715.28 1 0
github.com/gordcurrie/pacioli/internal/handler/questrade.go:715.28,717.4 1 0
github.com/gordcurrie/pacioli/internal/handler/questrade.go:720.2,722.32 2 0
github.com/gordcurrie/pacioli/internal/handler/questrade.go:722.32,723.39 1 0
github.com/gordcurrie/pacioli/internal/handler/questrade.go:723.39,724.12 1 0
github.com/gordcurrie/pacioli/internal/handler/questrade.go:726.3,736.51 3 0
github.com/gordcurrie/pacioli/internal/handler/questrade.go:736.51,738.12 2 0
github.com/gordcurrie/pacioli/internal/handler/questrade.go:740.3,742.16 3 0
github.com/gordcurrie/pacioli/internal/handler/questrade.go:745.2,746.16 2 0
github.com/gordcurrie/pacioli/internal/handler/questrade.go:746.16,749.3 2 0
github.com/gordcurrie/pacioli/internal/handler/questrade.go:750.2,751.33 2 0
github.com/gordcurrie/pacioli/internal/handler/questrade.go:751.33,753.3 1 0
github.com/gordcurrie/pacioli/internal/handler/questrade.go:754.2,756.32 2 0
github.com/gordcurrie/pacioli/internal/handler/questrade.go:756.32,758.17 2 0
github.com/gordcurrie/pacioli/internal/handler/questrade.go:758.17,760.12 2 0
github.com/gordcurrie/pacioli/internal/handler/questrade.go:762.3,762.31 1 0
github.com/gordcurrie/pacioli/internal/handler/questrade.go:762.31,765.34 3 0
github.com/gordcurrie/pacioli/internal/handler/questrade.go:765.34,767.5 1 0
github.com/gordcurrie/pacioli/internal/handler/questrade.go:768.4,778.49 2 0
github.com/gordcurrie/pacioli/internal/handler/questrade.go:778.49,780.19 2 0
github.com/gordcurrie/pacioli/internal/handler/questrade.go:780.19,782.6 1 0
github.com/gordcurrie/pacioli/internal/handler/questrade.go:782.11,784.6 1 0
github.com/gordcurrie/pacioli/internal/handler/questrade.go:786.4,786.56 1 0
github.com/gordcurrie/pacioli/internal/handler/questrade.go:786.56,791.37 5 0
github.com/gordcurrie/pacioli/internal/handler/questrade.go:791.37,793.6 1 0
github.com/gordcurrie/pacioli/internal/handler/questrade.go:795.4,795.65 1 0
github.com/gordcurrie/pacioli/internal/handler/questrade.go:795.65,796.13 1 0
github.com/gordcurrie/pacioli/internal/handler/questrade.go:798.4,798.56 1 0
github.com/gordcurrie/pacioli/internal/handler/questrade.go:798.56,800.13 2 0
github.com/gordcurrie/pacioli/internal/handler/questrade.go:802.4,804.19 3 0
github.com/gordcurrie/pacioli/internal/handler/questrade.go:808.2,810.23 1 0
github.com/gordcurrie/pacioli/internal/handler/questrade.go:813.47,814.29 1 0
github.com/gordcurrie/pacioli/internal/handler/questrade.go:815.14,816.26 1 0
github.com/gordcurrie/pacioli/internal/handler/questrade.go:817.23,818.26 1 0
github.com/gordcurrie/pacioli/internal/handler/questrade.go:819.23,820.26 1 0
github.com/gordcurrie/pacioli/internal/handler/questrade.go:821.23,822.26 1 0
github.com/gordcurrie/pacioli/internal/handler/questrade.go:823.14,824.26 1 0
github.com/gordcurrie/pacioli/internal/handler/questrade.go:825.16,826.28 1 0
github.com/gordcurrie/pacioli/internal/handler/questrade.go:827.10,828.26 1 0
github.com/gordcurrie/pacioli/internal/handler/security.go:58.74,62.13 4 0
github.com/gordcurrie/pacioli/internal/handler/security.go:62.13,64.3 1 0
github.com/gordcurrie/pacioli/internal/handler/security.go:64.8,66.3 1 0
github.com/gordcurrie/pacioli/internal/handler/security.go:67.2,67.16 1 0
github.com/gordcurrie/pacioli/internal/handler/security.go:67.16,70.3 2 0
github.com/gordcurrie/pacioli/internal/handler/security.go:71.2,71.83 1 0
github.com/gordcurrie/pacioli/internal/handler/security.go:74.71,81.2 2 0
github.com/gordcurrie/pacioli/internal/handler/security.go:83.72,85.16 2 0
github.com/gordcurrie/pacioli/internal/handler/security.go:85.16,88.3 2 0
github.com/gordcurrie/pacioli/internal/handler/security.go:89.2,90.16 2 0
github.com/gordcurrie/pacioli/internal/handler/security.go:90.16,93.3 2 0
github.com/gordcurrie/pacioli/internal/handler/security.go:94.2,99.4 1 0
github.com/gordcurrie/pacioli/internal/handler/security.go:102.74,104.16 2 0
github.com/gordcurrie/pacioli/internal/handler/security.go:104.16,107.3 2 0
github.com/gordcurrie/pacioli/internal/handler/security.go:108.2,109.16 2 0
github.com/gordcurrie/pacioli/internal/handler/security.go:109.16,112.3 2 0
github.com/gordcurrie/pacioli/internal/handler/security.go:114.2,115.58 2 0
github.com/gordcurrie/pacioli/internal/handler/security.go:115.58,123.3 1 0
github.com/gordcurrie/pacioli/internal/handler/security.go:125.2,125.38 1 0
github.com/gordcurrie/pacioli/internal/handler/security.go:125.38,128.3 2 0
github.com/gordcurrie/pacioli/internal/handler/security.go:130.2,132.34 3 0
github.com/gordcurrie/pacioli/internal/handler/security.go:132.34,133.19 1 0
github.com/gordcurrie/pacioli/internal/handler/security.go:133.19,135.9 2 0
github.com/gordcurrie/pacioli/internal/handler/security.go:138.2,138.16 1 0
github.com/gordcurrie/pacioli/internal/handler/security.go:138.16,141.3 2 0
github.com/gordcurrie/pacioli/internal/handler/security.go:143.2,144.32 2 0
github.com/gordcurrie/pacioli/internal/handler/security.go:144.32,147.3 2 0
github.com/gordcurrie/pacioli/internal/handler/security.go:149.2,155.62 6 0
github.com/gordcurrie/pacioli/internal/handler/security.go:155.62,158.3 2 0
github.com/gordcurrie/pacioli/internal/handler/security.go:159.2,160.57 2 0
github.com/gordcurrie/pacioli/internal/handler/security.go:163.74,165.16 2 0
github.com/gordcurrie/pacioli/internal/handler/security.go:165.16,168.3 2 0
github.com/gordcurrie/pacioli/internal/handler/security.go:169.2,170.16 2 0
github.com/gordcurrie/pacioli/internal/handler/security.go:170.16,173.3 2 0
github.com/gordcurrie/pacioli/internal/handler/security.go:174.2,175.16 2 0
github.com/gordcurrie/pacioli/internal/handler/security.go:175.16,177.3 1 0
github.com/gordcurrie/pacioli/internal/handler/security.go:178.2,178.61 1 0
github.com/gordcurrie/pacioli/internal/handler/security.go:178.61,179.69 1 0
github.com/gordcurrie/pacioli/internal/handler/security.go:179.69,182.4 2 0
github.com/gordcurrie/pacioli/internal/handler/security.go:183.3,184.9 2 0
github.com/gordcurrie/pacioli/internal/handler/security.go:186.2,187.30 2 0
github.com/gordcurrie/pacioli/internal/handler/security.go:190.76,192.13 2 0
github.com/gordcurrie/pacioli/internal/handler/security.go:192.13,195.3 2 0
github.com/gordcurrie/pacioli/internal/handler/security.go:196.2,197.16 2 0
github.com/gordcurrie/pacioli/internal/handler/security.go:197.16,200.3 2 0
github.com/gordcurrie/pacioli/internal/handler/security.go:201.2,202.23 2 0
github.com/gordcurrie/pacioli/internal/handler/security.go:202.23,205.3 2 0
github.com/gordcurrie/pacioli/internal/handler/security.go:206.2,206.61 1 0
github.com/gordcurrie/pacioli/internal/handler/security.go:206.61,208.3 1 0
github.com/gordcurrie/pacioli/internal/handler/security.go:212.74,214.23 2 0
github.com/gordcurrie/pacioli/internal/handler/security.go:214.23,216.3 1 0
github.com/gordcurrie/pacioli/internal/handler/security.go:217.2,218.18 2 0
github.com/gordcurrie/pacioli/internal/handler/security.go:218.18,220.3 1 0
github.com/gordcurrie/pacioli/internal/handler/security.go:221.2,221.21 1 0
github.com/gordcurrie/pacioli/internal/handler/security.go:221.21,224.3 2 0
github.com/gordcurrie/pacioli/internal/handler/security.go:226.2,227.16 2 0
github.com/gordcurrie/pacioli/internal/handler/security.go:227.16,230.3 2 0
github.com/gordcurrie/pacioli/internal/handler/security.go:232.2,234.37 3 0
github.com/gordcurrie/pacioli/internal/handler/security.go:234.37,237.3 2 0
github.com/gordcurrie/pacioli/internal/handler/security.go:239.2,242.32 4 0
github.com/gordcurrie/pacioli/internal/handler/security.go:242.32,244.3 1 0
github.com/gordcurrie/pacioli/internal/handler/security.go:246.2,252.17 1 0
github.com/gordcurrie/pacioli/internal/handler/security.go:252.17,254.3 1 0
github.com/gordcurrie/pacioli/internal/handler/security.go:258.55,261.2 2 0
github.com/gordcurrie/pacioli/internal/handler/security.go:265.74,266.38 1 0
github.com/gordcurrie/pacioli/internal/handler/security.go:266.38,273.3 2 0
github.com/gordcurrie/pacioli/internal/handler/security.go:275.2,277.34 3 0
github.com/gordcurrie/pacioli/internal/handler/security.go:277.34,278.19 1 0
github.com/gordcurrie/pacioli/internal/handler/security.go:278.19,280.9 2 0
github.com/gordcurrie/pacioli/internal/handler/security.go:283.2,283.16 1 0
github.com/gordcurrie/pacioli/internal/handler/security.go:283.16,290.3 2 0
github.com/gordcurrie/pacioli/internal/handler/security.go:292.2,293.32 2 0
github.com/gordcurrie/pacioli/internal/handler/security.go:293.32,300.3 2 0
github.com/gordcurrie/pacioli/internal/handler/security.go:302.2,311.60 2 0
github.com/gordcurrie/pacioli/internal/handler/security.go:311.60,318.3 2 0
github.com/gordcurrie/pacioli/internal/handler/security.go:319.2,320.57 2 0
github.com/gordcurrie/pacioli/internal/handler/security.go:323.49,324.12 1 0
github.com/gordcurrie/pacioli/internal/handler/security.go:325.15,326.29 1 0
github.com/gordcurrie/pacioli/internal/handler/security.go:327.13,328.26 1 0
github.com/gordcurrie/pacioli/internal/handler/security.go:329.20,330.33 1 0
github.com/gordcurrie/pacioli/internal/handler/security.go:331.10,332.29 1 0
github.com/gordcurrie/pacioli/internal/handler/transaction.go:41.76,43.16 2 0
github.com/gordcurrie/pacioli/internal/handler/transaction.go:43.16,46.3 2 0
github.com/gordcurrie/pacioli/internal/handler/transaction.go:47.2,48.29 2 0
github.com/gordcurrie/pacioli/internal/handler/transaction.go:48.29,50.3 1 0
github.com/gordcurrie/pacioli/internal/handler/transaction.go:52.2,53.16 2 0
github.com/gordcurrie/pacioli/internal/handler/transaction.go:53.16,56.3 2 0
github.com/gordcurrie/pacioli/internal/handler/transaction.go:57.2,58.31 2 0
github.com/gordcurrie/pacioli/internal/handler/transaction.go:58.31,60.3 1 0
github.com/gordcurrie/pacioli/internal/handler/transaction.go:62.2,63.29 2 0
github.com/gordcurrie/pacioli/internal/handler/transaction.go:63.29,65.17 2 0
github.com/gordcurrie/pacioli/internal/handler/transaction.go:65.17,68.4 2 0
github.com/gordcurrie/pacioli/internal/handler/transaction.go:69.3,69.29 1 0
github.com/gordcurrie/pacioli/internal/handler/transaction.go:72.2,72.63 1 0
github.com/gordcurrie/pacioli/internal/handler/transaction.go:72.63,73.71 1 0
github.com/gordcurrie/pacioli/internal/handler/transaction.go:73.71,75.4 1 0
github.com/gordcurrie/pacioli/internal/handler/transaction.go:76.3,76.33 1 0
github.com/gordcurrie/pacioli/internal/handler/transaction.go:79.2,80.25 2 0
github.com/gordcurrie/pacioli/internal/handler/transaction.go:80.25,86.3 1 0
github.com/gordcurrie/pacioli/internal/handler/transaction.go:88.2,88.73 1 0
github.com/gordcurrie/pacioli/internal/handler/transaction.go:91.74,93.16 2 0
github.com/gordcurrie/pacioli/internal/handler/transaction.go:93.16,96.3 2 0
github.com/gordcurrie/pacioli/internal/handler/transaction.go:97.2,100.4 1 0
github.com/gordcurrie/pacioli/internal/handler/transaction.go:103.77,105.16 2 0
github.com/gordcurrie/pacioli/internal/handler/transaction.go:105.16,108.3 2 0
github.com/gordcurrie/pacioli/internal/handler/transaction.go:109.2,109.36 1 0
github.com/gordcurrie/pacioli/internal/handler/transaction.go:109.36,115.3 1 0
github.com/gordcurrie/pacioli/internal/handler/transaction.go:117.2,117.38 1 0
github.com/gordcurrie/pacioli/internal/handler/transaction.go:117.38,120.3 2 0
github.com/gordcurrie/pacioli/internal/handler/transaction.go:122.2,123.34 2 0
github.com/gordcurrie/pacioli/internal/handler/transaction.go:123.34,126.3 2 0
github.com/gordcurrie/pacioli/internal/handler/transaction.go:127.2,128.29 2 0
github.com/gordcurrie/pacioli/internal/handler/transaction.go:128.29,129.24 1 0
github.com/gordcurrie/pacioli/internal/handler/transaction.go:129.24,131.9 2 0
github.com/gordcurrie/pacioli/internal/handler/transaction.go:134.2,134.18 1 0
github.com/gordcurrie/pacioli/internal/handler/transaction.go:134.18,137.3 2 0
github.com/gordcurrie/pacioli/internal/handler/transaction.go:139.2,140.35 2 0
github.com/gordcurrie/pacioli/internal/handler/transaction.go:140.35,143.3 2 0
github.com/gordcurrie/pacioli/internal/handler/transaction.go:144.2,145.16 2 0
github.com/gordcurrie/pacioli/internal/handler/transaction.go:145.16,148.3 2 0
github.com/gordcurrie/pacioli/internal/handler/transaction.go:150.2,151.37 2 0
github.com/gordcurrie/pacioli/internal/handler/transaction.go:151.37,154.3 2 0
github.com/gordcurrie/pacioli/internal/handler/transaction.go:155.2,156.44 2 0
github.com/gordcurrie/pacioli/internal/handler/transaction.go:156.44,159.3 2 0
github.com/gordcurrie/pacioli/internal/handler/transaction.go:160.2,161.43 2 0
github.com/gordcurrie/pacioli/internal/handler/transaction.go:161.43,164.3 2 0
github.com/gordcurrie/pacioli/internal/handler/transaction.go:166.2,167.16 2 0
github.com/gordcurrie/pacioli/internal/handler/transaction.go:167.16,170.3 2 0
github.com/gordcurrie/pacioli/internal/handler/transaction.go:171.2,172.16 2 0
github.com/gordcurrie/pacioli/internal/handler/transaction.go:172.16,175.3 2 0
github.com/gordcurrie/pacioli/internal/handler/transaction.go:177.2,181.21 5 0
github.com/gordcurrie/pacioli/internal/handler/transaction.go:181.21,183.37 2 0
github.com/gordcurrie/pacioli/internal/handler/transaction.go:183.37,186.4 2 0
github.com/gordcurrie/pacioli/internal/handler/transaction.go:187.3,189.31 3 0
github.com/gordcurrie/pacioli/internal/handler/transaction.go:190.8,190.34 1 0
github.com/gordcurrie/pacioli/internal/handler/transaction.go:190.34,193.3 2 0
github.com/gordcurrie/pacioli/internal/handler/transaction.go:195.2,197.28 3 0
github.com/gordcurrie/pacioli/internal/handler/transaction.go:197.28,198.18 1 0
github.com/gordcurrie/pacioli/internal/handler/transaction.go:198.18,200.9 2 0
github.com/gordcurrie/pacioli/internal/handler/transaction.go:203.2,203.16 1 0
github.com/gordcurrie/pacioli/internal/handler/transaction.go:203.16,206.3 2 0
github.com/gordcurrie/pacioli/internal/handler/transaction.go:208.2,224.63 2 0
github.com/gordcurrie/pacioli/internal/handler/transaction.go:224.63,227.3 2 0
github.com/gordcurrie/pacioli/internal/handler/transaction.go:228.2,229.59 2 0
github.com/gordcurrie/pacioli/internal/handler/transaction.go:260.81,262.16 2 0
github.com/gordcurrie/pacioli/internal/handler/transaction.go:262.16,265.3 2 0
github.com/gordcurrie/pacioli/internal/handler/transaction.go:266.2,267.16 2 0
github.com/gordcurrie/pacioli/internal/handler/transaction.go:267.16,270.3 2 0
github.com/gordcurrie/pacioli/internal/handler/transaction.go:271.2,272.62 2 0
github.com/gordcurrie/pacioli/internal/handler/transaction.go:272.62,275.3 2 0
github.com/gordcurrie/pacioli/internal/handler/transaction.go:276.2,277.50 2 0
github.com/gordcurrie/pacioli/internal/handler/transaction.go:277.50,279.3 1 0
github.com/gordcurrie/pacioli/internal/handler/transaction.go:282.77,284.16 2 0
github.com/gordcurrie/pacioli/internal/handler/transaction.go:284.16,287.3 2 0
github.com/gordcurrie/pacioli/internal/handler/transaction.go:288.2,289.16 2 0
github.com/gordcurrie/pacioli/internal/handler/transaction.go:289.16,292.3 2 0
github.com/gordcurrie/pacioli/internal/handler/transaction.go:293.2,294.62 2 0
github.com/gordcurrie/pacioli/internal/handler/transaction.go:294.62,297.3 2 0
github.com/gordcurrie/pacioli/internal/handler/transaction.go:298.2,299.50 2 0
github.com/gordcurrie/pacioli/internal/handler/transaction.go:299.50,301.3 1 0
github.com/gordcurrie/pacioli/internal/handler/transaction.go:304.79,306.16 2 0
github.com/gordcurrie/pacioli/internal/handler/transaction.go:306.16,309.3 2 0
github.com/gordcurrie/pacioli/internal/handler/transaction.go:310.2,311.16 2 0
github.com/gordcurrie/pacioli/internal/handler/transaction.go:311.16,314.3 2 0
github.com/gordcurrie/pacioli/internal/handler/transaction.go:315.2,316.62 2 0
github.com/gordcurrie/pacioli/internal/handler/transaction.go:316.62,319.3 2 0
github.com/gordcurrie/pacioli/internal/handler/transaction.go:321.2,321.22 1 0
github.com/gordcurrie/pacioli/internal/handler/transaction.go:321.22,324.3 2 0
github.com/gordcurrie/pacioli/internal/handler/transaction.go:326.2,326.38 1 0
github.com/gordcurrie/pacioli/internal/handler/transaction.go:326.38,329.3 2 0
github.com/gordcurrie/pacioli/internal/handler/transaction.go:331.2,332.40 2 0
github.com/gordcurrie/pacioli/internal/handler/transaction.go:332.40,335.3 2 0
github.com/gordcurrie/pacioli/internal/handler/transaction.go:337.2,340.97 3 0
github.com/gordcurrie/pacioli/internal/handler/transaction.go:340.97,343.3 2 0
github.com/gordcurrie/pacioli/internal/handler/transaction.go:344.2,351.50 6 0
github.com/gordcurrie/pacioli/internal/handler/transaction.go:351.50,353.3 1 0
github.com/gordcurrie/pacioli/internal/handler/transaction.go:356.77,358.16 2 0
github.com/gordcurrie/pacioli/internal/handler/transaction.go:358.16,361.3 2 0
github.com/gordcurrie/pacioli/internal/handler/transaction.go:362.2,363.16 2 0
github.com/gordcurrie/pacioli/internal/handler/transaction.go:363.16,366.3 2 0
github.com/gordcurrie/pacioli/internal/handler/transaction.go:367.2,368.62 2 0
github.com/gordcurrie/pacioli/internal/handler/transaction.go:368.62,371.3 2 0
github.com/gordcurrie/pacioli/internal/handler/transaction.go:372.2,373.16 2 0
github.com/gordcurrie/pacioli/internal/handler/transaction.go:373.16,375.3 1 0
github.com/gordcurrie/pacioli/internal/handler/transaction.go:376.2,376.63 1 0
github.com/gordcurrie/pacioli/internal/handler/transaction.go:376.63,379.3 2 0
github.com/gordcurrie/pacioli/internal/handler/transaction.go:380.2,381.30 2 0
